2022-12-10 00:03:16.210 [info] Validating found git in: git
2022-12-10 00:03:16.210 [info] Using git 2.38.1 from git
2022-12-10 00:05:14.057 [info] Validating found git in: git
2022-12-10 00:05:14.057 [info] Using git  from git
2022-12-10 00:05:14.057 [info] > git rev-parse --show-toplevel [2ms]
2022-12-10 00:05:14.057 [info] > git rev-parse --git-dir --git-common-dir [0ms]
2022-12-10 00:05:14.057 [info] Log level: Info
2022-12-10 00:05:14.057 [info] Open repository: /home/rezikham/repo/Deakin-Doc
2022-12-10 00:05:14.057 [info] > git status -z -uall [25ms]
2022-12-10 00:05:14.057 [info] > git rev-parse --show-toplevel [20ms]
2022-12-10 00:05:14.057 [info] > git remote --verbose [33ms]
2022-12-10 00:05:14.057 [info] > git for-each-ref --sort -committerdate --format %(refname) %(objectname) %(*objectname) [36ms]
2022-12-10 00:05:14.057 [info] > git rev-parse --show-toplevel [8ms]
2022-12-10 00:05:14.057 [info] > git config --get commit.template [31ms]
2022-12-10 00:05:14.420 [info] > git rev-parse --show-toplevel [366ms]
2022-12-10 00:05:14.442 [info] > git rev-parse --show-toplevel [19ms]
2022-12-10 00:05:14.454 [info] > git for-each-ref --format=%(refname)%00%(upstream:short)%00%(objectname)%00%(upstream:track)%00%(upstream:remotename)%00%(upstream:remoteref) refs/heads/main refs/remotes/main [27ms]
2022-12-10 00:05:14.487 [info] > git status -z -uall [17ms]
2022-12-10 00:05:14.487 [info] > git remote --verbose [20ms]
2022-12-10 00:05:14.488 [info] > git for-each-ref --sort -committerdate --format %(refname) %(objectname) %(*objectname) [25ms]
2022-12-10 00:05:14.488 [info] > git rev-parse --show-toplevel [42ms]
2022-12-10 00:05:14.493 [info] > git config --get commit.template [13ms]
2022-12-10 00:05:14.494 [info] > git rev-parse --show-toplevel [2ms]
2022-12-10 00:05:14.501 [info] > git rev-parse --show-toplevel [4ms]
2022-12-10 00:05:14.504 [info] > git for-each-ref --format=%(refname)%00%(upstream:short)%00%(objectname)%00%(upstream:track)%00%(upstream:remotename)%00%(upstream:remoteref) refs/heads/main refs/remotes/main [4ms]
2022-12-10 00:05:14.506 [info] > git rev-parse --show-toplevel [2ms]
2022-12-10 00:05:14.509 [info] > git rev-parse --show-toplevel [0ms]
2022-12-10 00:05:14.513 [info] > git rev-parse --show-toplevel [1ms]
2022-12-10 00:05:14.532 [info] > git check-ignore -v -z --stdin [1ms]
2022-12-10 00:05:15.010 [info] > git rev-parse --show-toplevel [1ms]
2022-12-10 00:05:16.817 [info] > git show --textconv :README.md [5ms]
2022-12-10 00:05:16.818 [info] > git ls-files --stage -- /home/rezikham/repo/Deakin-Doc/README.md [1ms]
2022-12-10 00:05:16.823 [info] > git cat-file -s 14caeb7e48b9a1093723d4036eb2fb3ee74e0c71 [1ms]
2022-12-10 00:06:14.905 [info] > git show --textconv :README.md [4ms]
2022-12-10 00:06:14.905 [info] > git ls-files --stage -- /home/rezikham/repo/Deakin-Doc/README.md [1ms]
2022-12-10 00:06:14.911 [info] > git cat-file -s 14caeb7e48b9a1093723d4036eb2fb3ee74e0c71 [2ms]
2022-12-10 00:17:02.597 [info] > git show --textconv :README.md [3ms]
2022-12-10 00:17:02.598 [info] > git ls-files --stage -- /home/rezikham/repo/Deakin-Doc/README.md [1ms]
2022-12-10 00:17:02.602 [info] > git cat-file -s 14caeb7e48b9a1093723d4036eb2fb3ee74e0c71 [1ms]
