2023-01-27 19:22:28.992 [info] Log level: Info
2023-01-27 19:22:28.992 [info] Validating found git in: "git"
2023-01-27 19:22:28.992 [info] Using git "2.39.1" from "git"
2023-01-27 19:22:28.992 [info] > git rev-parse --show-toplevel [3ms]
2023-01-27 19:22:28.992 [info] > git rev-parse --git-dir --git-common-dir [1ms]
2023-01-27 19:22:28.992 [info] Open repository: /home/rezikham/repo/Deakin-Doc
2023-01-27 19:22:29.026 [info] > git config --get commit.template [37ms]
2023-01-27 19:22:29.036 [info] > git for-each-ref --format=%(refname)%00%(upstream:short)%00%(objectname)%00%(upstream:track)%00%(upstream:remotename)%00%(upstream:remoteref) refs/heads/main refs/remotes/main [4ms]
2023-01-27 19:22:29.048 [info] > git status -z -uall [6ms]
2023-01-27 19:22:29.049 [info] > git for-each-ref --sort -committerdate --format %(refname) %(objectname) %(*objectname) [1ms]
2023-01-27 19:22:29.065 [info] > git config --get commit.template [6ms]
2023-01-27 19:22:29.066 [info] > git for-each-ref --format=%(refname)%00%(upstream:short)%00%(objectname)%00%(upstream:track)%00%(upstream:remotename)%00%(upstream:remoteref) refs/heads/main refs/remotes/main [2ms]
2023-01-27 19:22:29.080 [info] > git status -z -uall [7ms]
2023-01-27 19:22:29.081 [info] > git for-each-ref --sort -committerdate --format %(refname) %(objectname) %(*objectname) [3ms]
2023-01-27 19:22:29.404 [info] > git show --textconv :SIT111/7.2D/Fill copy.asm [5ms]
2023-01-27 19:22:29.405 [info] > git ls-files --stage -- /home/rezikham/repo/Deakin-Doc/SIT111/7.2D/Fill copy.asm [1ms]
2023-01-27 19:22:29.412 [info] > git cat-file -s 0da145c76a08fe4182be8a5e1c204d0fb2a79c70 [0ms]
2023-01-27 19:22:29.518 [info] > git check-ignore -v -z --stdin [2ms]
2023-01-27 19:22:29.591 [info] > git rev-parse --show-toplevel [1ms]
2023-01-27 19:22:34.057 [info] Log level: Info
2023-01-27 19:22:34.057 [info] Validating found git in: "git"
2023-01-27 19:22:34.057 [info] Using git "2.39.1" from "git"
2023-01-27 19:22:34.057 [info] > git rev-parse --show-toplevel [14ms]
2023-01-27 19:22:34.057 [info] > git rev-parse --git-dir --git-common-dir [1ms]
2023-01-27 19:22:34.057 [info] Open repository: /home/rezikham/repo/Deakin-Doc
2023-01-27 19:22:34.057 [info] > git config --get commit.template [7ms]
2023-01-27 19:22:34.057 [info] > git for-each-ref --format=%(refname)%00%(upstream:short)%00%(objectname)%00%(upstream:track)%00%(upstream:remotename)%00%(upstream:remoteref) refs/heads/main refs/remotes/main [15ms]
2023-01-27 19:22:34.062 [info] > git status -z -uall [24ms]
2023-01-27 19:22:34.063 [info] > git for-each-ref --sort -committerdate --format %(refname) %(objectname) %(*objectname) [19ms]
2023-01-27 19:22:34.082 [info] > git config --get commit.template [9ms]
2023-01-27 19:22:34.082 [info] > git for-each-ref --format=%(refname)%00%(upstream:short)%00%(objectname)%00%(upstream:track)%00%(upstream:remotename)%00%(upstream:remoteref) refs/heads/main refs/remotes/main [3ms]
2023-01-27 19:22:34.095 [info] > git status -z -uall [6ms]
2023-01-27 19:22:34.096 [info] > git for-each-ref --sort -committerdate --format %(refname) %(objectname) %(*objectname) [2ms]
2023-01-27 19:22:34.555 [info] > git check-ignore -v -z --stdin [1ms]
2023-01-27 19:22:34.609 [info] > git rev-parse --show-toplevel [1ms]
2023-01-27 19:22:43.310 [info] Log level: Info
2023-01-27 19:22:43.310 [info] Validating found git in: "git"
2023-01-27 19:22:43.310 [info] Using git "2.39.1" from "git"
2023-01-27 19:22:43.310 [info] > git rev-parse --show-toplevel [34ms]
2023-01-27 19:22:43.321 [info] > git rev-parse --git-dir --git-common-dir [15ms]
2023-01-27 19:22:43.324 [info] Open repository: /home/rezikham/repo/Deakin-Doc
2023-01-27 19:22:43.400 [info] > git config --get commit.template [25ms]
2023-01-27 19:22:43.400 [info] > git rev-parse --show-toplevel [70ms]
2023-01-27 19:22:43.453 [info] > git rev-parse --show-toplevel [46ms]
2023-01-27 19:22:43.464 [info] > git for-each-ref --format=%(refname)%00%(upstream:short)%00%(objectname)%00%(upstream:track)%00%(upstream:remotename)%00%(upstream:remoteref) refs/heads/main refs/remotes/main [12ms]
2023-01-27 19:22:43.506 [info] > git status -z -uall [35ms]
2023-01-27 19:22:43.507 [info] > git for-each-ref --sort -committerdate --format %(refname) %(objectname) %(*objectname) [29ms]
2023-01-27 19:22:43.510 [info] > git rev-parse --show-toplevel [51ms]
2023-01-27 19:22:43.525 [info] > git rev-parse --show-toplevel [9ms]
2023-01-27 19:22:43.539 [info] > git config --get commit.template [14ms]
2023-01-27 19:22:43.540 [info] > git rev-parse --show-toplevel [7ms]
2023-01-27 19:22:43.565 [info] > git for-each-ref --format=%(refname)%00%(upstream:short)%00%(objectname)%00%(upstream:track)%00%(upstream:remotename)%00%(upstream:remoteref) refs/heads/main refs/remotes/main [10ms]
2023-01-27 19:22:43.582 [info] > git rev-parse --show-toplevel [35ms]
2023-01-27 19:22:43.591 [info] > git status -z -uall [19ms]
2023-01-27 19:22:43.591 [info] > git for-each-ref --sort -committerdate --format %(refname) %(objectname) %(*objectname) [9ms]
2023-01-27 19:22:43.594 [info] > git rev-parse --show-toplevel [5ms]
2023-01-27 19:22:43.603 [info] > git rev-parse --show-toplevel [1ms]
2023-01-27 19:22:43.611 [info] > git rev-parse --show-toplevel [1ms]
2023-01-27 19:22:43.619 [info] > git rev-parse --show-toplevel [1ms]
2023-01-27 19:22:43.633 [info] > git rev-parse --show-toplevel [8ms]
2023-01-27 19:22:43.653 [info] > git rev-parse --show-toplevel [12ms]
2023-01-27 19:22:43.673 [info] > git rev-parse --show-toplevel [13ms]
2023-01-27 19:22:43.681 [info] > git rev-parse --show-toplevel [1ms]
2023-01-27 19:22:43.691 [info] > git rev-parse --show-toplevel [4ms]
2023-01-27 19:22:43.702 [info] > git rev-parse --show-toplevel [4ms]
2023-01-27 19:22:43.713 [info] > git rev-parse --show-toplevel [4ms]
2023-01-27 19:22:43.723 [info] > git rev-parse --show-toplevel [1ms]
2023-01-27 19:22:43.731 [info] > git rev-parse --show-toplevel [1ms]
2023-01-27 19:22:43.746 [info] > git rev-parse --show-toplevel [9ms]
2023-01-27 19:22:43.760 [info] > git rev-parse --show-toplevel [7ms]
2023-01-27 19:22:43.767 [info] > git rev-parse --show-toplevel [1ms]
2023-01-27 19:22:43.775 [info] > git rev-parse --show-toplevel [1ms]
2023-01-27 19:22:43.786 [info] > git rev-parse --show-toplevel [4ms]
2023-01-27 19:22:43.795 [info] > git rev-parse --show-toplevel [1ms]
2023-01-27 19:22:43.803 [info] > git rev-parse --show-toplevel [1ms]
2023-01-27 19:22:43.814 [info] > git rev-parse --show-toplevel [3ms]
2023-01-27 19:22:43.829 [info] > git rev-parse --show-toplevel [8ms]
2023-01-27 19:22:43.846 [info] > git rev-parse --show-toplevel [10ms]
2023-01-27 19:22:43.855 [info] > git rev-parse --show-toplevel [2ms]
2023-01-27 19:22:43.914 [info] > git check-ignore -v -z --stdin [14ms]
2023-01-27 19:22:44.101 [info] > git rev-parse --show-toplevel [1ms]
2023-01-27 19:22:45.182 [info] > git show --textconv :SIT111/7.2D/Fill.asm [6ms]
2023-01-27 19:22:45.182 [info] > git ls-files --stage -- /home/rezikham/repo/Deakin-Doc/SIT111/7.2D/Fill.asm [1ms]
2023-01-27 19:22:45.189 [info] > git cat-file -s 69d738c563f594fbc44a40447fe7cc72c0da79df [1ms]
2023-01-27 19:23:41.680 [info] > git config --get commit.template [13ms]
2023-01-27 19:23:41.687 [info] > git ls-files --stage -- /home/rezikham/repo/Deakin-Doc/SIT111/7.2D/Fill.asm [9ms]
2023-01-27 19:23:41.694 [info] > git for-each-ref --format=%(refname)%00%(upstream:short)%00%(objectname)%00%(upstream:track)%00%(upstream:remotename)%00%(upstream:remoteref) refs/heads/main refs/remotes/main [8ms]
2023-01-27 19:23:41.708 [info] > git status -z -uall [8ms]
2023-01-27 19:23:41.708 [info] > git cat-file -s 69d738c563f594fbc44a40447fe7cc72c0da79df [15ms]
2023-01-27 19:23:41.709 [info] > git for-each-ref --sort -committerdate --format %(refname) %(objectname) %(*objectname) [2ms]
2023-01-27 19:23:41.725 [info] > git show --textconv :SIT111/7.2D/Fill.asm [2ms]
2023-01-27 19:23:42.223 [info] > git rev-parse --show-toplevel [1ms]
2023-01-27 19:25:20.947 [info] > git check-ignore -v -z --stdin [2ms]
2023-01-27 19:25:22.444 [info] > git show --textconv :SIT111/7.2D/Fill copy.asm [10ms]
2023-01-27 19:25:22.445 [info] > git ls-files --stage -- /home/rezikham/repo/Deakin-Doc/SIT111/7.2D/Fill copy.asm [3ms]
2023-01-27 19:25:22.457 [info] > git cat-file -s 0da145c76a08fe4182be8a5e1c204d0fb2a79c70 [3ms]
2023-01-27 19:31:07.139 [info] > git config --get commit.template [3ms]
2023-01-27 19:31:07.153 [info] > git for-each-ref --format=%(refname)%00%(upstream:short)%00%(objectname)%00%(upstream:track)%00%(upstream:remotename)%00%(upstream:remoteref) refs/heads/main refs/remotes/main [2ms]
2023-01-27 19:31:07.174 [info] > git for-each-ref --sort -committerdate --format %(refname) %(objectname) %(*objectname) [2ms]
2023-01-27 19:31:07.184 [info] > git status -z -uall [20ms]
2023-01-27 19:31:07.697 [info] > git rev-parse --show-toplevel [1ms]
2023-01-27 19:32:37.937 [info] > git config --get commit.template [2ms]
2023-01-27 19:32:37.950 [info] > git for-each-ref --format=%(refname)%00%(upstream:short)%00%(objectname)%00%(upstream:track)%00%(upstream:remotename)%00%(upstream:remoteref) refs/heads/main refs/remotes/main [2ms]
2023-01-27 19:32:37.972 [info] > git status -z -uall [10ms]
2023-01-27 19:32:37.974 [info] > git for-each-ref --sort -committerdate --format %(refname) %(objectname) %(*objectname) [3ms]
2023-01-27 19:32:38.487 [info] > git rev-parse --show-toplevel [1ms]
2023-01-27 19:35:13.200 [info] > git config --get commit.template [14ms]
2023-01-27 19:35:13.200 [info] > git for-each-ref --format=%(refname)%00%(upstream:short)%00%(objectname)%00%(upstream:track)%00%(upstream:remotename)%00%(upstream:remoteref) refs/heads/main refs/remotes/main [1ms]
2023-01-27 19:35:13.221 [info] > git status -z -uall [10ms]
2023-01-27 19:35:13.222 [info] > git for-each-ref --sort -committerdate --format %(refname) %(objectname) %(*objectname) [2ms]
2023-01-27 19:35:13.737 [info] > git rev-parse --show-toplevel [1ms]
2023-01-27 19:35:18.245 [info] > git config --get commit.template [9ms]
2023-01-27 19:35:18.246 [info] > git for-each-ref --format=%(refname)%00%(upstream:short)%00%(objectname)%00%(upstream:track)%00%(upstream:remotename)%00%(upstream:remoteref) refs/heads/main refs/remotes/main [1ms]
2023-01-27 19:35:18.265 [info] > git status -z -uall [10ms]
2023-01-27 19:35:18.266 [info] > git for-each-ref --sort -committerdate --format %(refname) %(objectname) %(*objectname) [1ms]
2023-01-27 19:35:18.781 [info] > git rev-parse --show-toplevel [1ms]
2023-01-27 19:35:21.933 [info] > git show --textconv :SIT111/7.2D/FillAutomatic.tst [10ms]
2023-01-27 19:35:21.933 [info] > git ls-files --stage -- /home/rezikham/repo/Deakin-Doc/SIT111/7.2D/FillAutomatic.tst [2ms]
2023-01-27 19:35:21.943 [info] > git cat-file -s ffdfec61472aeb7fce0443b451bae537e40a34db [2ms]
2023-01-27 19:35:46.170 [info] > git config --get commit.template [1ms]
2023-01-27 19:35:46.182 [info] > git for-each-ref --format=%(refname)%00%(upstream:short)%00%(objectname)%00%(upstream:track)%00%(upstream:remotename)%00%(upstream:remoteref) refs/heads/main refs/remotes/main [3ms]
2023-01-27 19:35:46.203 [info] > git status -z -uall [11ms]
2023-01-27 19:35:46.204 [info] > git for-each-ref --sort -committerdate --format %(refname) %(objectname) %(*objectname) [1ms]
2023-01-27 19:35:46.718 [info] > git rev-parse --show-toplevel [1ms]
2023-01-27 19:35:51.218 [info] > git config --get commit.template [1ms]
2023-01-27 19:35:51.228 [info] > git for-each-ref --format=%(refname)%00%(upstream:short)%00%(objectname)%00%(upstream:track)%00%(upstream:remotename)%00%(upstream:remoteref) refs/heads/main refs/remotes/main [1ms]
2023-01-27 19:35:51.242 [info] > git status -z -uall [7ms]
2023-01-27 19:35:51.242 [info] > git for-each-ref --sort -committerdate --format %(refname) %(objectname) %(*objectname) [2ms]
2023-01-27 19:35:51.755 [info] > git rev-parse --show-toplevel [1ms]
2023-01-27 19:35:59.092 [info] > git config --get commit.template [1ms]
2023-01-27 19:35:59.105 [info] > git for-each-ref --format=%(refname)%00%(upstream:short)%00%(objectname)%00%(upstream:track)%00%(upstream:remotename)%00%(upstream:remoteref) refs/heads/main refs/remotes/main [1ms]
2023-01-27 19:35:59.126 [info] > git status -z -uall [10ms]
2023-01-27 19:35:59.126 [info] > git for-each-ref --sort -committerdate --format %(refname) %(objectname) %(*objectname) [1ms]
2023-01-27 19:35:59.640 [info] > git rev-parse --show-toplevel [1ms]
2023-01-27 19:36:15.369 [info] > git config --get commit.template [2ms]
2023-01-27 19:36:15.382 [info] > git for-each-ref --format=%(refname)%00%(upstream:short)%00%(objectname)%00%(upstream:track)%00%(upstream:remotename)%00%(upstream:remoteref) refs/heads/main refs/remotes/main [1ms]
2023-01-27 19:36:15.401 [info] > git status -z -uall [10ms]
2023-01-27 19:36:15.402 [info] > git for-each-ref --sort -committerdate --format %(refname) %(objectname) %(*objectname) [2ms]
2023-01-27 19:36:15.913 [info] > git rev-parse --show-toplevel [1ms]
2023-01-27 19:36:17.278 [info] > git check-ignore -v -z --stdin [1ms]
2023-01-27 19:36:20.420 [info] > git for-each-ref --format=%(refname)%00%(upstream:short)%00%(objectname)%00%(upstream:track)%00%(upstream:remotename)%00%(upstream:remoteref) refs/heads/main refs/remotes/main [2ms]
2023-01-27 19:36:20.420 [info] > git config --get commit.template [7ms]
2023-01-27 19:36:20.433 [info] > git status -z -uall [7ms]
2023-01-27 19:36:20.433 [info] > git for-each-ref --sort -committerdate --format %(refname) %(objectname) %(*objectname) [1ms]
2023-01-27 19:36:20.948 [info] > git rev-parse --show-toplevel [2ms]
2023-01-27 19:36:21.066 [info] > git show --textconv :SIT111/7.2D/FillAutomatic.cmp [12ms]
2023-01-27 19:36:21.067 [info] > git ls-files --stage -- /home/rezikham/repo/Deakin-Doc/SIT111/7.2D/FillAutomatic.cmp [3ms]
2023-01-27 19:36:21.078 [info] > git cat-file -s a71db276fdeb26ba503f31e08545ebd3c901ec95 [3ms]
2023-01-27 19:36:22.871 [info] > git show --textconv :SIT111/7.2D/FillAutomatic.out [11ms]
2023-01-27 19:36:22.871 [info] > git ls-files --stage -- /home/rezikham/repo/Deakin-Doc/SIT111/7.2D/FillAutomatic.out [2ms]
2023-01-27 19:36:22.883 [info] > git cat-file -s 02d1099b0980e5552cb32aa40e34f4b7fc5821ed [2ms]
2023-01-27 19:36:38.032 [info] > git config --get commit.template [12ms]
2023-01-27 19:36:38.032 [info] > git for-each-ref --format=%(refname)%00%(upstream:short)%00%(objectname)%00%(upstream:track)%00%(upstream:remotename)%00%(upstream:remoteref) refs/heads/main refs/remotes/main [1ms]
2023-01-27 19:36:38.052 [info] > git status -z -uall [10ms]
2023-01-27 19:36:38.053 [info] > git for-each-ref --sort -committerdate --format %(refname) %(objectname) %(*objectname) [3ms]
2023-01-27 19:36:38.564 [info] > git rev-parse --show-toplevel [1ms]
2023-01-27 19:40:53.288 [info] > git config --get commit.template [11ms]
2023-01-27 19:40:53.290 [info] > git for-each-ref --format=%(refname)%00%(upstream:short)%00%(objectname)%00%(upstream:track)%00%(upstream:remotename)%00%(upstream:remoteref) refs/heads/main refs/remotes/main [3ms]
2023-01-27 19:40:53.316 [info] > git for-each-ref --sort -committerdate --format %(refname) %(objectname) %(*objectname) [2ms]
2023-01-27 19:40:53.322 [info] > git status -z -uall [20ms]
2023-01-27 19:40:53.833 [info] > git rev-parse --show-toplevel [1ms]
2023-01-27 19:40:56.444 [info] > git check-ignore -v -z --stdin [2ms]
2023-01-27 19:40:58.336 [info] > git config --get commit.template [1ms]
2023-01-27 19:40:58.344 [info] > git for-each-ref --format=%(refname)%00%(upstream:short)%00%(objectname)%00%(upstream:track)%00%(upstream:remotename)%00%(upstream:remoteref) refs/heads/main refs/remotes/main [1ms]
2023-01-27 19:40:58.360 [info] > git status -z -uall [9ms]
2023-01-27 19:40:58.361 [info] > git for-each-ref --sort -committerdate --format %(refname) %(objectname) %(*objectname) [1ms]
2023-01-27 19:40:58.872 [info] > git rev-parse --show-toplevel [0ms]
2023-01-27 19:41:03.271 [info] > git show --textconv :SIT111/7.2D/FillAutomatic.tst [9ms]
2023-01-27 19:41:03.271 [info] > git ls-files --stage -- /home/rezikham/repo/Deakin-Doc/SIT111/7.2D/FillAutomatic.tst [2ms]
2023-01-27 19:41:03.283 [info] > git cat-file -s ffdfec61472aeb7fce0443b451bae537e40a34db [3ms]
2023-01-27 19:41:03.385 [info] > git config --get commit.template [8ms]
2023-01-27 19:41:03.385 [info] > git for-each-ref --format=%(refname)%00%(upstream:short)%00%(objectname)%00%(upstream:track)%00%(upstream:remotename)%00%(upstream:remoteref) refs/heads/main refs/remotes/main [1ms]
2023-01-27 19:41:03.402 [info] > git status -z -uall [8ms]
2023-01-27 19:41:03.402 [info] > git for-each-ref --sort -committerdate --format %(refname) %(objectname) %(*objectname) [1ms]
2023-01-27 19:41:03.918 [info] > git rev-parse --show-toplevel [1ms]
2023-01-27 19:41:08.730 [info] > git config --get commit.template [11ms]
2023-01-27 19:41:08.730 [info] > git for-each-ref --format=%(refname)%00%(upstream:short)%00%(objectname)%00%(upstream:track)%00%(upstream:remotename)%00%(upstream:remoteref) refs/heads/main refs/remotes/main [1ms]
2023-01-27 19:41:08.750 [info] > git status -z -uall [11ms]
2023-01-27 19:41:08.751 [info] > git for-each-ref --sort -committerdate --format %(refname) %(objectname) %(*objectname) [1ms]
2023-01-27 19:41:09.263 [info] > git rev-parse --show-toplevel [1ms]
2023-01-27 19:41:11.605 [info] > git check-ignore -v -z --stdin [1ms]
2023-01-27 19:41:22.503 [info] > git check-ignore -v -z --stdin [1ms]
2023-01-27 19:41:24.027 [info] > git check-ignore -v -z --stdin [1ms]
2023-01-27 19:41:25.987 [info] > git show --textconv :SIT111/demo/PC.hdl [7ms]
2023-01-27 19:41:25.987 [info] > git ls-files --stage -- /home/rezikham/repo/Deakin-Doc/SIT111/demo/PC.hdl [1ms]
2023-01-27 19:41:39.792 [info] > git check-ignore -v -z --stdin [2ms]
2023-01-27 19:41:40.759 [info] > git check-ignore -v -z --stdin [1ms]
2023-01-27 19:41:43.174 [info] > git show --textconv :SIT111/5.2C/PC.hdl [8ms]
2023-01-27 19:41:43.175 [info] > git ls-files --stage -- /home/rezikham/repo/Deakin-Doc/SIT111/5.2C/PC.hdl [2ms]
2023-01-27 19:41:43.443 [info] > git check-ignore -v -z --stdin [1ms]
2023-01-27 19:41:43.958 [info] > git config --get commit.template [13ms]
2023-01-27 19:41:43.959 [info] > git for-each-ref --format=%(refname)%00%(upstream:short)%00%(objectname)%00%(upstream:track)%00%(upstream:remotename)%00%(upstream:remoteref) refs/heads/main refs/remotes/main [1ms]
2023-01-27 19:41:43.982 [info] > git status -z -uall [12ms]
2023-01-27 19:41:43.983 [info] > git for-each-ref --sort -committerdate --format %(refname) %(objectname) %(*objectname) [2ms]
2023-01-27 19:41:44.494 [info] > git rev-parse --show-toplevel [1ms]
2023-01-27 19:42:55.331 [info] > git config --get commit.template [14ms]
2023-01-27 19:42:55.331 [info] > git for-each-ref --format=%(refname)%00%(upstream:short)%00%(objectname)%00%(upstream:track)%00%(upstream:remotename)%00%(upstream:remoteref) refs/heads/main refs/remotes/main [1ms]
2023-01-27 19:42:55.357 [info] > git status -z -uall [13ms]
2023-01-27 19:42:55.358 [info] > git for-each-ref --sort -committerdate --format %(refname) %(objectname) %(*objectname) [1ms]
2023-01-27 19:42:55.870 [info] > git rev-parse --show-toplevel [1ms]
