20/1/2023 7:05:20pm
System.Net.Internals.SocketExceptionFactory+ExtendedSocketException
Connection refused /run/user/1000
System.Net.Sockets
   at System.Net.Sockets.Socket.DoConnect(EndPoint endPointSnapshot, SocketAddress socketAddress)
   at System.Net.Sockets.Socket.Connect(EndPoint remoteEP)
   at WaylandNET.Client.WaylandClientConnection.ConnectToDisplay(String display)
   at WaylandNET.Client.WaylandClientConnection..ctor(String display)
   at OpenTabletDriver.Desktop.Interop.Display.WaylandDisplay..ctor()
   at OpenTabletDriver.Desktop.Interop.DesktopInterop.ConstructLinuxDisplay()
   at OpenTabletDriver.Desktop.Interop.DesktopInterop.get_VirtualScreen()
   at OpenTabletDriver.Desktop.Reflection.DesktopPluginManager.<>c.<ResetServices>b__30_5()
   at OpenTabletDriver.Desktop.Reflection.ServiceManager.GetService(Type serviceType)
   at OpenTabletDriver.Desktop.Reflection.ServiceManager.GetService[T]()
   at OpenTabletDriver.Desktop.Profiles.AbsoluteModeSettings.GetDefaults(DigitizerSpecifications digitizer)
   at OpenTabletDriver.Desktop.Profiles.Profile.GetDefaults(TabletReference tablet)
   at OpenTabletDriver.Desktop.Profiles.ProfileCollection.<>c.<.ctor>b__2_0(TabletReference s)
   at System.Linq.Utilities.<>c__DisplayClass2_0`3.<CombineSelectors>b__0(TSource x)
   at System.Linq.Enumerable.SelectIListIterator`2.MoveNext()
   at System.Collections.Generic.List`1..ctor(IEnumerable`1 collection)
   at System.Collections.ObjectModel.ObservableCollection`1.CreateCopy(IEnumerable`1 collection, String paramName)
   at System.Collections.ObjectModel.ObservableCollection`1..ctor(IEnumerable`1 collection)
   at OpenTabletDriver.Desktop.Profiles.ProfileCollection..ctor(IEnumerable`1 profiles)
   at OpenTabletDriver.Desktop.Profiles.ProfileCollection..ctor(IEnumerable`1 tablets)
   at OpenTabletDriver.Desktop.Settings.GetDefaultProfiles()
   at OpenTabletDriver.Desktop.Settings.GetDefaults()
   at OpenTabletDriver.Daemon.DriverDaemon.ResetSettings()
   at OpenTabletDriver.Daemon.DriverDaemon.LoadUserSettings()
   at System.Threading.Tasks.Task.<>c.<ThrowAsync>b__128_1(Object state)
   at System.Threading.QueueUserWorkItemCallbackDefaultContext.Execute()
   at System.Threading.ThreadPoolWorkQueue.Dispatch()
   at System.Threading.PortableThreadPool.WorkerThread.WorkerThreadStart()
   at System.Threading.Thread.StartCallback()
DoConnect
