2023-02-01 13:33:23.888 [info] [perf] Render performance baseline is 133ms
2023-02-01 13:33:48.219 [info] [perf] Render performance baseline is 132ms
2023-02-01 13:33:51.023 [error] nvim_call_function: Vim:E117: Unknown function: VSCodeClearUndo: Error: Error making request to nvim_call_function
    at o.request (/home/rezikham/.vscode-oss/extensions/asvetliakov.vscode-neovim-0.0.95/node_modules/neovim/lib/api/Base.js:77:21)
    at o.prefix [as call] (/home/rezikham/.vscode-oss/extensions/asvetliakov.vscode-neovim-0.0.95/node_modules/neovim/lib/api/Neovim.js:327:32)
    at onBufferInit (/home/rezikham/.vscode-oss/extensions/asvetliakov.vscode-neovim-0.0.95/node_modules/neovim/lib/api/Neovim.js:342:37)
    at fe.<anonymous> (/home/rezikham/.vscode-oss/extensions/asvetliakov.vscode-neovim-0.0.95/src/buffer_manager.ts:566:18)
    at Generator.next (<anonymous>)
    at o (/home/rezikham/.vscode-oss/extensions/asvetliakov.vscode-neovim-0.0.95/dist/extension.js:1:222757)
    at processTicksAndRejections (node:internal/process/task_queues:96:5)
2023-02-01 13:39:48.331 [error] nvim_call_function: Vim:E117: Unknown function: VSCodeClearUndo: Error: Error making request to nvim_call_function
    at o.request (/home/rezikham/.vscode-oss/extensions/asvetliakov.vscode-neovim-0.0.95/node_modules/neovim/lib/api/Base.js:77:21)
    at o.prefix [as call] (/home/rezikham/.vscode-oss/extensions/asvetliakov.vscode-neovim-0.0.95/node_modules/neovim/lib/api/Neovim.js:327:32)
    at onBufferInit (/home/rezikham/.vscode-oss/extensions/asvetliakov.vscode-neovim-0.0.95/node_modules/neovim/lib/api/Neovim.js:342:37)
    at fe.<anonymous> (/home/rezikham/.vscode-oss/extensions/asvetliakov.vscode-neovim-0.0.95/src/buffer_manager.ts:566:18)
    at Generator.next (<anonymous>)
    at o (/home/rezikham/.vscode-oss/extensions/asvetliakov.vscode-neovim-0.0.95/dist/extension.js:1:222757)
    at processTicksAndRejections (node:internal/process/task_queues:96:5)
2023-02-01 13:40:04.621 [error] nvim_call_function: Vim:E117: Unknown function: VSCodeClearUndo: Error: Error making request to nvim_call_function
    at o.request (/home/rezikham/.vscode-oss/extensions/asvetliakov.vscode-neovim-0.0.95/node_modules/neovim/lib/api/Base.js:77:21)
    at o.prefix [as call] (/home/rezikham/.vscode-oss/extensions/asvetliakov.vscode-neovim-0.0.95/node_modules/neovim/lib/api/Neovim.js:327:32)
    at onBufferInit (/home/rezikham/.vscode-oss/extensions/asvetliakov.vscode-neovim-0.0.95/node_modules/neovim/lib/api/Neovim.js:342:37)
    at fe.<anonymous> (/home/rezikham/.vscode-oss/extensions/asvetliakov.vscode-neovim-0.0.95/src/buffer_manager.ts:566:18)
    at Generator.next (<anonymous>)
    at o (/home/rezikham/.vscode-oss/extensions/asvetliakov.vscode-neovim-0.0.95/dist/extension.js:1:222757)
    at processTicksAndRejections (node:internal/process/task_queues:96:5)
2023-02-01 13:40:12.570 [error] nvim_call_function: Vim:E117: Unknown function: VSCodeClearUndo: Error: Error making request to nvim_call_function
    at o.request (/home/rezikham/.vscode-oss/extensions/asvetliakov.vscode-neovim-0.0.95/node_modules/neovim/lib/api/Base.js:77:21)
    at o.prefix [as call] (/home/rezikham/.vscode-oss/extensions/asvetliakov.vscode-neovim-0.0.95/node_modules/neovim/lib/api/Neovim.js:327:32)
    at onBufferInit (/home/rezikham/.vscode-oss/extensions/asvetliakov.vscode-neovim-0.0.95/node_modules/neovim/lib/api/Neovim.js:342:37)
    at fe.<anonymous> (/home/rezikham/.vscode-oss/extensions/asvetliakov.vscode-neovim-0.0.95/src/buffer_manager.ts:566:18)
    at Generator.next (<anonymous>)
    at o (/home/rezikham/.vscode-oss/extensions/asvetliakov.vscode-neovim-0.0.95/dist/extension.js:1:222757)
    at processTicksAndRejections (node:internal/process/task_queues:96:5)
2023-02-01 13:40:17.145 [error] nvim_call_function: Vim:E117: Unknown function: VSCodeClearUndo: Error: Error making request to nvim_call_function
    at o.request (/home/rezikham/.vscode-oss/extensions/asvetliakov.vscode-neovim-0.0.95/node_modules/neovim/lib/api/Base.js:77:21)
    at o.prefix [as call] (/home/rezikham/.vscode-oss/extensions/asvetliakov.vscode-neovim-0.0.95/node_modules/neovim/lib/api/Neovim.js:327:32)
    at onBufferInit (/home/rezikham/.vscode-oss/extensions/asvetliakov.vscode-neovim-0.0.95/node_modules/neovim/lib/api/Neovim.js:342:37)
    at fe.<anonymous> (/home/rezikham/.vscode-oss/extensions/asvetliakov.vscode-neovim-0.0.95/src/buffer_manager.ts:566:18)
    at Generator.next (<anonymous>)
    at o (/home/rezikham/.vscode-oss/extensions/asvetliakov.vscode-neovim-0.0.95/dist/extension.js:1:222757)
    at processTicksAndRejections (node:internal/process/task_queues:96:5)
2023-02-01 13:40:18.960 [error] nvim_call_function: Vim:E117: Unknown function: VSCodeClearUndo: Error: Error making request to nvim_call_function
    at o.request (/home/rezikham/.vscode-oss/extensions/asvetliakov.vscode-neovim-0.0.95/node_modules/neovim/lib/api/Base.js:77:21)
    at o.prefix [as call] (/home/rezikham/.vscode-oss/extensions/asvetliakov.vscode-neovim-0.0.95/node_modules/neovim/lib/api/Neovim.js:327:32)
    at onBufferInit (/home/rezikham/.vscode-oss/extensions/asvetliakov.vscode-neovim-0.0.95/node_modules/neovim/lib/api/Neovim.js:342:37)
    at fe.<anonymous> (/home/rezikham/.vscode-oss/extensions/asvetliakov.vscode-neovim-0.0.95/src/buffer_manager.ts:566:18)
    at Generator.next (<anonymous>)
    at o (/home/rezikham/.vscode-oss/extensions/asvetliakov.vscode-neovim-0.0.95/dist/extension.js:1:222757)
    at processTicksAndRejections (node:internal/process/task_queues:96:5)
2023-02-01 13:44:11.408 [error] nvim_call_function: Vim:E117: Unknown function: VSCodeClearUndo: Error: Error making request to nvim_call_function
    at o.request (/home/rezikham/.vscode-oss/extensions/asvetliakov.vscode-neovim-0.0.95/node_modules/neovim/lib/api/Base.js:77:21)
    at o.prefix [as call] (/home/rezikham/.vscode-oss/extensions/asvetliakov.vscode-neovim-0.0.95/node_modules/neovim/lib/api/Neovim.js:327:32)
    at onBufferInit (/home/rezikham/.vscode-oss/extensions/asvetliakov.vscode-neovim-0.0.95/node_modules/neovim/lib/api/Neovim.js:342:37)
    at fe.<anonymous> (/home/rezikham/.vscode-oss/extensions/asvetliakov.vscode-neovim-0.0.95/src/buffer_manager.ts:566:18)
    at Generator.next (<anonymous>)
    at o (/home/rezikham/.vscode-oss/extensions/asvetliakov.vscode-neovim-0.0.95/dist/extension.js:1:222757)
    at processTicksAndRejections (node:internal/process/task_queues:96:5)
2023-02-01 13:44:23.935 [error] nvim_call_function: Vim:E117: Unknown function: VSCodeClearUndo: Error: Error making request to nvim_call_function
    at o.request (/home/rezikham/.vscode-oss/extensions/asvetliakov.vscode-neovim-0.0.95/node_modules/neovim/lib/api/Base.js:77:21)
    at o.prefix [as call] (/home/rezikham/.vscode-oss/extensions/asvetliakov.vscode-neovim-0.0.95/node_modules/neovim/lib/api/Neovim.js:327:32)
    at onBufferInit (/home/rezikham/.vscode-oss/extensions/asvetliakov.vscode-neovim-0.0.95/node_modules/neovim/lib/api/Neovim.js:342:37)
    at fe.<anonymous> (/home/rezikham/.vscode-oss/extensions/asvetliakov.vscode-neovim-0.0.95/src/buffer_manager.ts:566:18)
    at Generator.next (<anonymous>)
    at o (/home/rezikham/.vscode-oss/extensions/asvetliakov.vscode-neovim-0.0.95/dist/extension.js:1:222757)
    at processTicksAndRejections (node:internal/process/task_queues:96:5)
2023-02-01 13:44:25.630 [error] nvim_call_function: Vim:E117: Unknown function: VSCodeClearUndo: Error: Error making request to nvim_call_function
    at o.request (/home/rezikham/.vscode-oss/extensions/asvetliakov.vscode-neovim-0.0.95/node_modules/neovim/lib/api/Base.js:77:21)
    at o.prefix [as call] (/home/rezikham/.vscode-oss/extensions/asvetliakov.vscode-neovim-0.0.95/node_modules/neovim/lib/api/Neovim.js:327:32)
    at onBufferInit (/home/rezikham/.vscode-oss/extensions/asvetliakov.vscode-neovim-0.0.95/node_modules/neovim/lib/api/Neovim.js:342:37)
    at fe.<anonymous> (/home/rezikham/.vscode-oss/extensions/asvetliakov.vscode-neovim-0.0.95/src/buffer_manager.ts:566:18)
    at Generator.next (<anonymous>)
    at o (/home/rezikham/.vscode-oss/extensions/asvetliakov.vscode-neovim-0.0.95/dist/extension.js:1:222757)
    at processTicksAndRejections (node:internal/process/task_queues:96:5)
2023-02-01 13:44:27.732 [error] nvim_call_function: Vim:E117: Unknown function: VSCodeClearUndo: Error: Error making request to nvim_call_function
    at o.request (/home/rezikham/.vscode-oss/extensions/asvetliakov.vscode-neovim-0.0.95/node_modules/neovim/lib/api/Base.js:77:21)
    at o.prefix [as call] (/home/rezikham/.vscode-oss/extensions/asvetliakov.vscode-neovim-0.0.95/node_modules/neovim/lib/api/Neovim.js:327:32)
    at onBufferInit (/home/rezikham/.vscode-oss/extensions/asvetliakov.vscode-neovim-0.0.95/node_modules/neovim/lib/api/Neovim.js:342:37)
    at fe.<anonymous> (/home/rezikham/.vscode-oss/extensions/asvetliakov.vscode-neovim-0.0.95/src/buffer_manager.ts:566:18)
    at Generator.next (<anonymous>)
    at o (/home/rezikham/.vscode-oss/extensions/asvetliakov.vscode-neovim-0.0.95/dist/extension.js:1:222757)
    at processTicksAndRejections (node:internal/process/task_queues:96:5)
2023-02-01 13:44:30.342 [error] nvim_call_function: Vim:E117: Unknown function: VSCodeClearUndo: Error: Error making request to nvim_call_function
    at o.request (/home/rezikham/.vscode-oss/extensions/asvetliakov.vscode-neovim-0.0.95/node_modules/neovim/lib/api/Base.js:77:21)
    at o.prefix [as call] (/home/rezikham/.vscode-oss/extensions/asvetliakov.vscode-neovim-0.0.95/node_modules/neovim/lib/api/Neovim.js:327:32)
    at onBufferInit (/home/rezikham/.vscode-oss/extensions/asvetliakov.vscode-neovim-0.0.95/node_modules/neovim/lib/api/Neovim.js:342:37)
    at fe.<anonymous> (/home/rezikham/.vscode-oss/extensions/asvetliakov.vscode-neovim-0.0.95/src/buffer_manager.ts:566:18)
    at Generator.next (<anonymous>)
    at o (/home/rezikham/.vscode-oss/extensions/asvetliakov.vscode-neovim-0.0.95/dist/extension.js:1:222757)
    at processTicksAndRejections (node:internal/process/task_queues:96:5)
2023-02-01 13:44:31.869 [error] nvim_call_function: Vim:E117: Unknown function: VSCodeClearUndo: Error: Error making request to nvim_call_function
    at o.request (/home/rezikham/.vscode-oss/extensions/asvetliakov.vscode-neovim-0.0.95/node_modules/neovim/lib/api/Base.js:77:21)
    at o.prefix [as call] (/home/rezikham/.vscode-oss/extensions/asvetliakov.vscode-neovim-0.0.95/node_modules/neovim/lib/api/Neovim.js:327:32)
    at onBufferInit (/home/rezikham/.vscode-oss/extensions/asvetliakov.vscode-neovim-0.0.95/node_modules/neovim/lib/api/Neovim.js:342:37)
    at fe.<anonymous> (/home/rezikham/.vscode-oss/extensions/asvetliakov.vscode-neovim-0.0.95/src/buffer_manager.ts:566:18)
    at Generator.next (<anonymous>)
    at o (/home/rezikham/.vscode-oss/extensions/asvetliakov.vscode-neovim-0.0.95/dist/extension.js:1:222757)
    at processTicksAndRejections (node:internal/process/task_queues:96:5)
2023-02-01 13:45:07.612 [error] nvim_call_function: Vim:E117: Unknown function: VSCodeClearUndo: Error: Error making request to nvim_call_function
    at o.request (/home/rezikham/.vscode-oss/extensions/asvetliakov.vscode-neovim-0.0.95/node_modules/neovim/lib/api/Base.js:77:21)
    at o.prefix [as call] (/home/rezikham/.vscode-oss/extensions/asvetliakov.vscode-neovim-0.0.95/node_modules/neovim/lib/api/Neovim.js:327:32)
    at onBufferInit (/home/rezikham/.vscode-oss/extensions/asvetliakov.vscode-neovim-0.0.95/node_modules/neovim/lib/api/Neovim.js:342:37)
    at fe.<anonymous> (/home/rezikham/.vscode-oss/extensions/asvetliakov.vscode-neovim-0.0.95/src/buffer_manager.ts:566:18)
    at Generator.next (<anonymous>)
    at o (/home/rezikham/.vscode-oss/extensions/asvetliakov.vscode-neovim-0.0.95/dist/extension.js:1:222757)
    at processTicksAndRejections (node:internal/process/task_queues:96:5)
2023-02-01 13:49:34.075 [error] nvim_call_function: Vim:E117: Unknown function: VSCodeClearUndo: Error: Error making request to nvim_call_function
    at o.request (/home/rezikham/.vscode-oss/extensions/asvetliakov.vscode-neovim-0.0.95/node_modules/neovim/lib/api/Base.js:77:21)
    at o.prefix [as call] (/home/rezikham/.vscode-oss/extensions/asvetliakov.vscode-neovim-0.0.95/node_modules/neovim/lib/api/Neovim.js:327:32)
    at onBufferInit (/home/rezikham/.vscode-oss/extensions/asvetliakov.vscode-neovim-0.0.95/node_modules/neovim/lib/api/Neovim.js:342:37)
    at fe.<anonymous> (/home/rezikham/.vscode-oss/extensions/asvetliakov.vscode-neovim-0.0.95/src/buffer_manager.ts:566:18)
    at Generator.next (<anonymous>)
    at o (/home/rezikham/.vscode-oss/extensions/asvetliakov.vscode-neovim-0.0.95/dist/extension.js:1:222757)
    at processTicksAndRejections (node:internal/process/task_queues:96:5)
2023-02-01 13:49:45.723 [error] nvim_call_function: Vim:E117: Unknown function: VSCodeClearUndo: Error: Error making request to nvim_call_function
    at o.request (/home/rezikham/.vscode-oss/extensions/asvetliakov.vscode-neovim-0.0.95/node_modules/neovim/lib/api/Base.js:77:21)
    at o.prefix [as call] (/home/rezikham/.vscode-oss/extensions/asvetliakov.vscode-neovim-0.0.95/node_modules/neovim/lib/api/Neovim.js:327:32)
    at onBufferInit (/home/rezikham/.vscode-oss/extensions/asvetliakov.vscode-neovim-0.0.95/node_modules/neovim/lib/api/Neovim.js:342:37)
    at fe.<anonymous> (/home/rezikham/.vscode-oss/extensions/asvetliakov.vscode-neovim-0.0.95/src/buffer_manager.ts:566:18)
    at Generator.next (<anonymous>)
    at o (/home/rezikham/.vscode-oss/extensions/asvetliakov.vscode-neovim-0.0.95/dist/extension.js:1:222757)
    at processTicksAndRejections (node:internal/process/task_queues:96:5)
2023-02-01 13:49:46.825 [error] nvim_call_function: Vim:E117: Unknown function: VSCodeClearUndo: Error: Error making request to nvim_call_function
    at o.request (/home/rezikham/.vscode-oss/extensions/asvetliakov.vscode-neovim-0.0.95/node_modules/neovim/lib/api/Base.js:77:21)
    at o.prefix [as call] (/home/rezikham/.vscode-oss/extensions/asvetliakov.vscode-neovim-0.0.95/node_modules/neovim/lib/api/Neovim.js:327:32)
    at onBufferInit (/home/rezikham/.vscode-oss/extensions/asvetliakov.vscode-neovim-0.0.95/node_modules/neovim/lib/api/Neovim.js:342:37)
    at fe.<anonymous> (/home/rezikham/.vscode-oss/extensions/asvetliakov.vscode-neovim-0.0.95/src/buffer_manager.ts:566:18)
    at Generator.next (<anonymous>)
    at o (/home/rezikham/.vscode-oss/extensions/asvetliakov.vscode-neovim-0.0.95/dist/extension.js:1:222757)
    at processTicksAndRejections (node:internal/process/task_queues:96:5)
2023-02-01 13:49:47.953 [error] nvim_call_function: Vim:E117: Unknown function: VSCodeClearUndo: Error: Error making request to nvim_call_function
    at o.request (/home/rezikham/.vscode-oss/extensions/asvetliakov.vscode-neovim-0.0.95/node_modules/neovim/lib/api/Base.js:77:21)
    at o.prefix [as call] (/home/rezikham/.vscode-oss/extensions/asvetliakov.vscode-neovim-0.0.95/node_modules/neovim/lib/api/Neovim.js:327:32)
    at onBufferInit (/home/rezikham/.vscode-oss/extensions/asvetliakov.vscode-neovim-0.0.95/node_modules/neovim/lib/api/Neovim.js:342:37)
    at fe.<anonymous> (/home/rezikham/.vscode-oss/extensions/asvetliakov.vscode-neovim-0.0.95/src/buffer_manager.ts:566:18)
    at Generator.next (<anonymous>)
    at o (/home/rezikham/.vscode-oss/extensions/asvetliakov.vscode-neovim-0.0.95/dist/extension.js:1:222757)
    at processTicksAndRejections (node:internal/process/task_queues:96:5)
2023-02-01 13:49:49.996 [error] nvim_call_function: Vim:E117: Unknown function: VSCodeClearUndo: Error: Error making request to nvim_call_function
    at o.request (/home/rezikham/.vscode-oss/extensions/asvetliakov.vscode-neovim-0.0.95/node_modules/neovim/lib/api/Base.js:77:21)
    at o.prefix [as call] (/home/rezikham/.vscode-oss/extensions/asvetliakov.vscode-neovim-0.0.95/node_modules/neovim/lib/api/Neovim.js:327:32)
    at onBufferInit (/home/rezikham/.vscode-oss/extensions/asvetliakov.vscode-neovim-0.0.95/node_modules/neovim/lib/api/Neovim.js:342:37)
    at fe.<anonymous> (/home/rezikham/.vscode-oss/extensions/asvetliakov.vscode-neovim-0.0.95/src/buffer_manager.ts:566:18)
    at Generator.next (<anonymous>)
    at o (/home/rezikham/.vscode-oss/extensions/asvetliakov.vscode-neovim-0.0.95/dist/extension.js:1:222757)
    at processTicksAndRejections (node:internal/process/task_queues:96:5)
2023-02-01 13:49:54.666 [error] nvim_call_function: Vim:E117: Unknown function: VSCodeClearUndo: Error: Error making request to nvim_call_function
    at o.request (/home/rezikham/.vscode-oss/extensions/asvetliakov.vscode-neovim-0.0.95/node_modules/neovim/lib/api/Base.js:77:21)
    at o.prefix [as call] (/home/rezikham/.vscode-oss/extensions/asvetliakov.vscode-neovim-0.0.95/node_modules/neovim/lib/api/Neovim.js:327:32)
    at onBufferInit (/home/rezikham/.vscode-oss/extensions/asvetliakov.vscode-neovim-0.0.95/node_modules/neovim/lib/api/Neovim.js:342:37)
    at fe.<anonymous> (/home/rezikham/.vscode-oss/extensions/asvetliakov.vscode-neovim-0.0.95/src/buffer_manager.ts:566:18)
    at Generator.next (<anonymous>)
    at o (/home/rezikham/.vscode-oss/extensions/asvetliakov.vscode-neovim-0.0.95/dist/extension.js:1:222757)
    at processTicksAndRejections (node:internal/process/task_queues:96:5)
2023-02-01 13:49:57.985 [error] nvim_call_function: Vim:E117: Unknown function: VSCodeClearUndo: Error: Error making request to nvim_call_function
    at o.request (/home/rezikham/.vscode-oss/extensions/asvetliakov.vscode-neovim-0.0.95/node_modules/neovim/lib/api/Base.js:77:21)
    at o.prefix [as call] (/home/rezikham/.vscode-oss/extensions/asvetliakov.vscode-neovim-0.0.95/node_modules/neovim/lib/api/Neovim.js:327:32)
    at onBufferInit (/home/rezikham/.vscode-oss/extensions/asvetliakov.vscode-neovim-0.0.95/node_modules/neovim/lib/api/Neovim.js:342:37)
    at fe.<anonymous> (/home/rezikham/.vscode-oss/extensions/asvetliakov.vscode-neovim-0.0.95/src/buffer_manager.ts:566:18)
    at Generator.next (<anonymous>)
    at o (/home/rezikham/.vscode-oss/extensions/asvetliakov.vscode-neovim-0.0.95/dist/extension.js:1:222757)
    at processTicksAndRejections (node:internal/process/task_queues:96:5)
2023-02-01 13:49:59.979 [error] nvim_call_function: Vim:E117: Unknown function: VSCodeClearUndo: Error: Error making request to nvim_call_function
    at o.request (/home/rezikham/.vscode-oss/extensions/asvetliakov.vscode-neovim-0.0.95/node_modules/neovim/lib/api/Base.js:77:21)
    at o.prefix [as call] (/home/rezikham/.vscode-oss/extensions/asvetliakov.vscode-neovim-0.0.95/node_modules/neovim/lib/api/Neovim.js:327:32)
    at onBufferInit (/home/rezikham/.vscode-oss/extensions/asvetliakov.vscode-neovim-0.0.95/node_modules/neovim/lib/api/Neovim.js:342:37)
    at fe.<anonymous> (/home/rezikham/.vscode-oss/extensions/asvetliakov.vscode-neovim-0.0.95/src/buffer_manager.ts:566:18)
    at Generator.next (<anonymous>)
    at o (/home/rezikham/.vscode-oss/extensions/asvetliakov.vscode-neovim-0.0.95/dist/extension.js:1:222757)
    at processTicksAndRejections (node:internal/process/task_queues:96:5)
2023-02-01 13:50:01.193 [error] nvim_call_function: Vim:E117: Unknown function: VSCodeClearUndo: Error: Error making request to nvim_call_function
    at o.request (/home/rezikham/.vscode-oss/extensions/asvetliakov.vscode-neovim-0.0.95/node_modules/neovim/lib/api/Base.js:77:21)
    at o.prefix [as call] (/home/rezikham/.vscode-oss/extensions/asvetliakov.vscode-neovim-0.0.95/node_modules/neovim/lib/api/Neovim.js:327:32)
    at onBufferInit (/home/rezikham/.vscode-oss/extensions/asvetliakov.vscode-neovim-0.0.95/node_modules/neovim/lib/api/Neovim.js:342:37)
    at fe.<anonymous> (/home/rezikham/.vscode-oss/extensions/asvetliakov.vscode-neovim-0.0.95/src/buffer_manager.ts:566:18)
    at Generator.next (<anonymous>)
    at o (/home/rezikham/.vscode-oss/extensions/asvetliakov.vscode-neovim-0.0.95/dist/extension.js:1:222757)
    at processTicksAndRejections (node:internal/process/task_queues:96:5)
2023-02-01 13:50:27.358 [error] nvim_call_function: Vim:E117: Unknown function: VSCodeClearUndo: Error: Error making request to nvim_call_function
    at o.request (/home/rezikham/.vscode-oss/extensions/asvetliakov.vscode-neovim-0.0.95/node_modules/neovim/lib/api/Base.js:77:21)
    at o.prefix [as call] (/home/rezikham/.vscode-oss/extensions/asvetliakov.vscode-neovim-0.0.95/node_modules/neovim/lib/api/Neovim.js:327:32)
    at onBufferInit (/home/rezikham/.vscode-oss/extensions/asvetliakov.vscode-neovim-0.0.95/node_modules/neovim/lib/api/Neovim.js:342:37)
    at fe.<anonymous> (/home/rezikham/.vscode-oss/extensions/asvetliakov.vscode-neovim-0.0.95/src/buffer_manager.ts:566:18)
    at Generator.next (<anonymous>)
    at o (/home/rezikham/.vscode-oss/extensions/asvetliakov.vscode-neovim-0.0.95/dist/extension.js:1:222757)
    at processTicksAndRejections (node:internal/process/task_queues:96:5)
2023-02-01 13:50:43.453 [error] nvim_call_function: Vim:E117: Unknown function: VSCodeClearUndo: Error: Error making request to nvim_call_function
    at o.request (/home/rezikham/.vscode-oss/extensions/asvetliakov.vscode-neovim-0.0.95/node_modules/neovim/lib/api/Base.js:77:21)
    at o.prefix [as call] (/home/rezikham/.vscode-oss/extensions/asvetliakov.vscode-neovim-0.0.95/node_modules/neovim/lib/api/Neovim.js:327:32)
    at onBufferInit (/home/rezikham/.vscode-oss/extensions/asvetliakov.vscode-neovim-0.0.95/node_modules/neovim/lib/api/Neovim.js:342:37)
    at fe.<anonymous> (/home/rezikham/.vscode-oss/extensions/asvetliakov.vscode-neovim-0.0.95/src/buffer_manager.ts:566:18)
    at Generator.next (<anonymous>)
    at o (/home/rezikham/.vscode-oss/extensions/asvetliakov.vscode-neovim-0.0.95/dist/extension.js:1:222757)
    at processTicksAndRejections (node:internal/process/task_queues:96:5)
2023-02-01 13:54:33.343 [error] nvim_call_function: Vim:E117: Unknown function: VSCodeClearUndo: Error: Error making request to nvim_call_function
    at o.request (/home/rezikham/.vscode-oss/extensions/asvetliakov.vscode-neovim-0.0.95/node_modules/neovim/lib/api/Base.js:77:21)
    at o.prefix [as call] (/home/rezikham/.vscode-oss/extensions/asvetliakov.vscode-neovim-0.0.95/node_modules/neovim/lib/api/Neovim.js:327:32)
    at onBufferInit (/home/rezikham/.vscode-oss/extensions/asvetliakov.vscode-neovim-0.0.95/node_modules/neovim/lib/api/Neovim.js:342:37)
    at fe.<anonymous> (/home/rezikham/.vscode-oss/extensions/asvetliakov.vscode-neovim-0.0.95/src/buffer_manager.ts:566:18)
    at Generator.next (<anonymous>)
    at o (/home/rezikham/.vscode-oss/extensions/asvetliakov.vscode-neovim-0.0.95/dist/extension.js:1:222757)
    at processTicksAndRejections (node:internal/process/task_queues:96:5)
2023-02-01 14:12:18.402 [error] nvim_call_function: Vim:E117: Unknown function: VSCodeClearUndo: Error: Error making request to nvim_call_function
    at o.request (/home/rezikham/.vscode-oss/extensions/asvetliakov.vscode-neovim-0.0.95/node_modules/neovim/lib/api/Base.js:77:21)
    at o.prefix [as call] (/home/rezikham/.vscode-oss/extensions/asvetliakov.vscode-neovim-0.0.95/node_modules/neovim/lib/api/Neovim.js:327:32)
    at onBufferInit (/home/rezikham/.vscode-oss/extensions/asvetliakov.vscode-neovim-0.0.95/node_modules/neovim/lib/api/Neovim.js:342:37)
    at fe.<anonymous> (/home/rezikham/.vscode-oss/extensions/asvetliakov.vscode-neovim-0.0.95/src/buffer_manager.ts:566:18)
    at Generator.next (<anonymous>)
    at o (/home/rezikham/.vscode-oss/extensions/asvetliakov.vscode-neovim-0.0.95/dist/extension.js:1:222757)
    at processTicksAndRejections (node:internal/process/task_queues:96:5)
2023-02-01 14:12:21.932 [error] nvim_call_function: Vim:E117: Unknown function: VSCodeClearUndo: Error: Error making request to nvim_call_function
    at o.request (/home/rezikham/.vscode-oss/extensions/asvetliakov.vscode-neovim-0.0.95/node_modules/neovim/lib/api/Base.js:77:21)
    at o.prefix [as call] (/home/rezikham/.vscode-oss/extensions/asvetliakov.vscode-neovim-0.0.95/node_modules/neovim/lib/api/Neovim.js:327:32)
    at onBufferInit (/home/rezikham/.vscode-oss/extensions/asvetliakov.vscode-neovim-0.0.95/node_modules/neovim/lib/api/Neovim.js:342:37)
    at fe.<anonymous> (/home/rezikham/.vscode-oss/extensions/asvetliakov.vscode-neovim-0.0.95/src/buffer_manager.ts:566:18)
    at Generator.next (<anonymous>)
    at o (/home/rezikham/.vscode-oss/extensions/asvetliakov.vscode-neovim-0.0.95/dist/extension.js:1:222757)
    at processTicksAndRejections (node:internal/process/task_queues:96:5)
2023-02-01 14:12:39.061 [error] nvim_call_function: Vim:E117: Unknown function: VSCodeClearUndo: Error: Error making request to nvim_call_function
    at o.request (/home/rezikham/.vscode-oss/extensions/asvetliakov.vscode-neovim-0.0.95/node_modules/neovim/lib/api/Base.js:77:21)
    at o.prefix [as call] (/home/rezikham/.vscode-oss/extensions/asvetliakov.vscode-neovim-0.0.95/node_modules/neovim/lib/api/Neovim.js:327:32)
    at onBufferInit (/home/rezikham/.vscode-oss/extensions/asvetliakov.vscode-neovim-0.0.95/node_modules/neovim/lib/api/Neovim.js:342:37)
    at fe.<anonymous> (/home/rezikham/.vscode-oss/extensions/asvetliakov.vscode-neovim-0.0.95/src/buffer_manager.ts:566:18)
    at Generator.next (<anonymous>)
    at o (/home/rezikham/.vscode-oss/extensions/asvetliakov.vscode-neovim-0.0.95/dist/extension.js:1:222757)
    at processTicksAndRejections (node:internal/process/task_queues:96:5)
2023-02-01 14:12:42.024 [error] nvim_call_function: Vim:E117: Unknown function: VSCodeClearUndo: Error: Error making request to nvim_call_function
    at o.request (/home/rezikham/.vscode-oss/extensions/asvetliakov.vscode-neovim-0.0.95/node_modules/neovim/lib/api/Base.js:77:21)
    at o.prefix [as call] (/home/rezikham/.vscode-oss/extensions/asvetliakov.vscode-neovim-0.0.95/node_modules/neovim/lib/api/Neovim.js:327:32)
    at onBufferInit (/home/rezikham/.vscode-oss/extensions/asvetliakov.vscode-neovim-0.0.95/node_modules/neovim/lib/api/Neovim.js:342:37)
    at fe.<anonymous> (/home/rezikham/.vscode-oss/extensions/asvetliakov.vscode-neovim-0.0.95/src/buffer_manager.ts:566:18)
    at Generator.next (<anonymous>)
    at o (/home/rezikham/.vscode-oss/extensions/asvetliakov.vscode-neovim-0.0.95/dist/extension.js:1:222757)
    at processTicksAndRejections (node:internal/process/task_queues:96:5)
2023-02-01 14:13:34.207 [error] nvim_call_function: Vim:E117: Unknown function: VSCodeClearUndo: Error: Error making request to nvim_call_function
    at o.request (/home/rezikham/.vscode-oss/extensions/asvetliakov.vscode-neovim-0.0.95/node_modules/neovim/lib/api/Base.js:77:21)
    at o.prefix [as call] (/home/rezikham/.vscode-oss/extensions/asvetliakov.vscode-neovim-0.0.95/node_modules/neovim/lib/api/Neovim.js:327:32)
    at onBufferInit (/home/rezikham/.vscode-oss/extensions/asvetliakov.vscode-neovim-0.0.95/node_modules/neovim/lib/api/Neovim.js:342:37)
    at fe.<anonymous> (/home/rezikham/.vscode-oss/extensions/asvetliakov.vscode-neovim-0.0.95/src/buffer_manager.ts:566:18)
    at Generator.next (<anonymous>)
    at o (/home/rezikham/.vscode-oss/extensions/asvetliakov.vscode-neovim-0.0.95/dist/extension.js:1:222757)
    at processTicksAndRejections (node:internal/process/task_queues:96:5)
2023-02-01 14:14:32.204 [error] nvim_call_function: Vim:E117: Unknown function: VSCodeClearUndo: Error: Error making request to nvim_call_function
    at o.request (/home/rezikham/.vscode-oss/extensions/asvetliakov.vscode-neovim-0.0.95/node_modules/neovim/lib/api/Base.js:77:21)
    at o.prefix [as call] (/home/rezikham/.vscode-oss/extensions/asvetliakov.vscode-neovim-0.0.95/node_modules/neovim/lib/api/Neovim.js:327:32)
    at onBufferInit (/home/rezikham/.vscode-oss/extensions/asvetliakov.vscode-neovim-0.0.95/node_modules/neovim/lib/api/Neovim.js:342:37)
    at fe.<anonymous> (/home/rezikham/.vscode-oss/extensions/asvetliakov.vscode-neovim-0.0.95/src/buffer_manager.ts:566:18)
    at Generator.next (<anonymous>)
    at o (/home/rezikham/.vscode-oss/extensions/asvetliakov.vscode-neovim-0.0.95/dist/extension.js:1:222757)
    at processTicksAndRejections (node:internal/process/task_queues:96:5)
2023-02-01 14:14:35.064 [error] nvim_call_function: Vim:E117: Unknown function: VSCodeClearUndo: Error: Error making request to nvim_call_function
    at o.request (/home/rezikham/.vscode-oss/extensions/asvetliakov.vscode-neovim-0.0.95/node_modules/neovim/lib/api/Base.js:77:21)
    at o.prefix [as call] (/home/rezikham/.vscode-oss/extensions/asvetliakov.vscode-neovim-0.0.95/node_modules/neovim/lib/api/Neovim.js:327:32)
    at onBufferInit (/home/rezikham/.vscode-oss/extensions/asvetliakov.vscode-neovim-0.0.95/node_modules/neovim/lib/api/Neovim.js:342:37)
    at fe.<anonymous> (/home/rezikham/.vscode-oss/extensions/asvetliakov.vscode-neovim-0.0.95/src/buffer_manager.ts:566:18)
    at Generator.next (<anonymous>)
    at o (/home/rezikham/.vscode-oss/extensions/asvetliakov.vscode-neovim-0.0.95/dist/extension.js:1:222757)
    at processTicksAndRejections (node:internal/process/task_queues:96:5)
2023-02-01 14:14:36.829 [error] nvim_call_function: Vim:E117: Unknown function: VSCodeClearUndo: Error: Error making request to nvim_call_function
    at o.request (/home/rezikham/.vscode-oss/extensions/asvetliakov.vscode-neovim-0.0.95/node_modules/neovim/lib/api/Base.js:77:21)
    at o.prefix [as call] (/home/rezikham/.vscode-oss/extensions/asvetliakov.vscode-neovim-0.0.95/node_modules/neovim/lib/api/Neovim.js:327:32)
    at onBufferInit (/home/rezikham/.vscode-oss/extensions/asvetliakov.vscode-neovim-0.0.95/node_modules/neovim/lib/api/Neovim.js:342:37)
    at fe.<anonymous> (/home/rezikham/.vscode-oss/extensions/asvetliakov.vscode-neovim-0.0.95/src/buffer_manager.ts:566:18)
    at Generator.next (<anonymous>)
    at o (/home/rezikham/.vscode-oss/extensions/asvetliakov.vscode-neovim-0.0.95/dist/extension.js:1:222757)
    at processTicksAndRejections (node:internal/process/task_queues:96:5)
2023-02-01 14:14:45.442 [error] nvim_call_function: Vim:E117: Unknown function: VSCodeClearUndo: Error: Error making request to nvim_call_function
    at o.request (/home/rezikham/.vscode-oss/extensions/asvetliakov.vscode-neovim-0.0.95/node_modules/neovim/lib/api/Base.js:77:21)
    at o.prefix [as call] (/home/rezikham/.vscode-oss/extensions/asvetliakov.vscode-neovim-0.0.95/node_modules/neovim/lib/api/Neovim.js:327:32)
    at onBufferInit (/home/rezikham/.vscode-oss/extensions/asvetliakov.vscode-neovim-0.0.95/node_modules/neovim/lib/api/Neovim.js:342:37)
    at fe.<anonymous> (/home/rezikham/.vscode-oss/extensions/asvetliakov.vscode-neovim-0.0.95/src/buffer_manager.ts:566:18)
    at Generator.next (<anonymous>)
    at o (/home/rezikham/.vscode-oss/extensions/asvetliakov.vscode-neovim-0.0.95/dist/extension.js:1:222757)
    at processTicksAndRejections (node:internal/process/task_queues:96:5)
2023-02-01 14:14:53.566 [error] nvim_call_function: Vim:E117: Unknown function: VSCodeClearUndo: Error: Error making request to nvim_call_function
    at o.request (/home/rezikham/.vscode-oss/extensions/asvetliakov.vscode-neovim-0.0.95/node_modules/neovim/lib/api/Base.js:77:21)
    at o.prefix [as call] (/home/rezikham/.vscode-oss/extensions/asvetliakov.vscode-neovim-0.0.95/node_modules/neovim/lib/api/Neovim.js:327:32)
    at onBufferInit (/home/rezikham/.vscode-oss/extensions/asvetliakov.vscode-neovim-0.0.95/node_modules/neovim/lib/api/Neovim.js:342:37)
    at fe.<anonymous> (/home/rezikham/.vscode-oss/extensions/asvetliakov.vscode-neovim-0.0.95/src/buffer_manager.ts:566:18)
    at Generator.next (<anonymous>)
    at o (/home/rezikham/.vscode-oss/extensions/asvetliakov.vscode-neovim-0.0.95/dist/extension.js:1:222757)
    at processTicksAndRejections (node:internal/process/task_queues:96:5)
2023-02-01 14:42:16.712 [error] nvim_call_function: Vim:E117: Unknown function: VSCodeClearUndo: Error: Error making request to nvim_call_function
    at o.request (/home/rezikham/.vscode-oss/extensions/asvetliakov.vscode-neovim-0.0.95/node_modules/neovim/lib/api/Base.js:77:21)
    at o.prefix [as call] (/home/rezikham/.vscode-oss/extensions/asvetliakov.vscode-neovim-0.0.95/node_modules/neovim/lib/api/Neovim.js:327:32)
    at onBufferInit (/home/rezikham/.vscode-oss/extensions/asvetliakov.vscode-neovim-0.0.95/node_modules/neovim/lib/api/Neovim.js:342:37)
    at fe.<anonymous> (/home/rezikham/.vscode-oss/extensions/asvetliakov.vscode-neovim-0.0.95/src/buffer_manager.ts:566:18)
    at Generator.next (<anonymous>)
    at o (/home/rezikham/.vscode-oss/extensions/asvetliakov.vscode-neovim-0.0.95/dist/extension.js:1:222757)
    at processTicksAndRejections (node:internal/process/task_queues:96:5)
2023-02-01 14:42:18.482 [error] nvim_call_function: Vim:E117: Unknown function: VSCodeClearUndo: Error: Error making request to nvim_call_function
    at o.request (/home/rezikham/.vscode-oss/extensions/asvetliakov.vscode-neovim-0.0.95/node_modules/neovim/lib/api/Base.js:77:21)
    at o.prefix [as call] (/home/rezikham/.vscode-oss/extensions/asvetliakov.vscode-neovim-0.0.95/node_modules/neovim/lib/api/Neovim.js:327:32)
    at onBufferInit (/home/rezikham/.vscode-oss/extensions/asvetliakov.vscode-neovim-0.0.95/node_modules/neovim/lib/api/Neovim.js:342:37)
    at fe.<anonymous> (/home/rezikham/.vscode-oss/extensions/asvetliakov.vscode-neovim-0.0.95/src/buffer_manager.ts:566:18)
    at Generator.next (<anonymous>)
    at o (/home/rezikham/.vscode-oss/extensions/asvetliakov.vscode-neovim-0.0.95/dist/extension.js:1:222757)
    at processTicksAndRejections (node:internal/process/task_queues:96:5)
2023-02-01 14:42:19.557 [error] nvim_call_function: Vim:E117: Unknown function: VSCodeClearUndo: Error: Error making request to nvim_call_function
    at o.request (/home/rezikham/.vscode-oss/extensions/asvetliakov.vscode-neovim-0.0.95/node_modules/neovim/lib/api/Base.js:77:21)
    at o.prefix [as call] (/home/rezikham/.vscode-oss/extensions/asvetliakov.vscode-neovim-0.0.95/node_modules/neovim/lib/api/Neovim.js:327:32)
    at onBufferInit (/home/rezikham/.vscode-oss/extensions/asvetliakov.vscode-neovim-0.0.95/node_modules/neovim/lib/api/Neovim.js:342:37)
    at fe.<anonymous> (/home/rezikham/.vscode-oss/extensions/asvetliakov.vscode-neovim-0.0.95/src/buffer_manager.ts:566:18)
    at Generator.next (<anonymous>)
    at o (/home/rezikham/.vscode-oss/extensions/asvetliakov.vscode-neovim-0.0.95/dist/extension.js:1:222757)
    at processTicksAndRejections (node:internal/process/task_queues:96:5)
2023-02-01 14:42:20.571 [error] nvim_call_function: Vim:E117: Unknown function: VSCodeClearUndo: Error: Error making request to nvim_call_function
    at o.request (/home/rezikham/.vscode-oss/extensions/asvetliakov.vscode-neovim-0.0.95/node_modules/neovim/lib/api/Base.js:77:21)
    at o.prefix [as call] (/home/rezikham/.vscode-oss/extensions/asvetliakov.vscode-neovim-0.0.95/node_modules/neovim/lib/api/Neovim.js:327:32)
    at onBufferInit (/home/rezikham/.vscode-oss/extensions/asvetliakov.vscode-neovim-0.0.95/node_modules/neovim/lib/api/Neovim.js:342:37)
    at fe.<anonymous> (/home/rezikham/.vscode-oss/extensions/asvetliakov.vscode-neovim-0.0.95/src/buffer_manager.ts:566:18)
    at Generator.next (<anonymous>)
    at o (/home/rezikham/.vscode-oss/extensions/asvetliakov.vscode-neovim-0.0.95/dist/extension.js:1:222757)
    at processTicksAndRejections (node:internal/process/task_queues:96:5)
2023-02-01 14:42:22.676 [error] nvim_call_function: Vim:E117: Unknown function: VSCodeClearUndo: Error: Error making request to nvim_call_function
    at o.request (/home/rezikham/.vscode-oss/extensions/asvetliakov.vscode-neovim-0.0.95/node_modules/neovim/lib/api/Base.js:77:21)
    at o.prefix [as call] (/home/rezikham/.vscode-oss/extensions/asvetliakov.vscode-neovim-0.0.95/node_modules/neovim/lib/api/Neovim.js:327:32)
    at onBufferInit (/home/rezikham/.vscode-oss/extensions/asvetliakov.vscode-neovim-0.0.95/node_modules/neovim/lib/api/Neovim.js:342:37)
    at fe.<anonymous> (/home/rezikham/.vscode-oss/extensions/asvetliakov.vscode-neovim-0.0.95/src/buffer_manager.ts:566:18)
    at Generator.next (<anonymous>)
    at o (/home/rezikham/.vscode-oss/extensions/asvetliakov.vscode-neovim-0.0.95/dist/extension.js:1:222757)
    at processTicksAndRejections (node:internal/process/task_queues:96:5)
2023-02-01 14:43:26.323 [error] nvim_call_function: Vim:E117: Unknown function: VSCodeClearUndo: Error: Error making request to nvim_call_function
    at o.request (/home/rezikham/.vscode-oss/extensions/asvetliakov.vscode-neovim-0.0.95/node_modules/neovim/lib/api/Base.js:77:21)
    at o.prefix [as call] (/home/rezikham/.vscode-oss/extensions/asvetliakov.vscode-neovim-0.0.95/node_modules/neovim/lib/api/Neovim.js:327:32)
    at onBufferInit (/home/rezikham/.vscode-oss/extensions/asvetliakov.vscode-neovim-0.0.95/node_modules/neovim/lib/api/Neovim.js:342:37)
    at fe.<anonymous> (/home/rezikham/.vscode-oss/extensions/asvetliakov.vscode-neovim-0.0.95/src/buffer_manager.ts:566:18)
    at Generator.next (<anonymous>)
    at o (/home/rezikham/.vscode-oss/extensions/asvetliakov.vscode-neovim-0.0.95/dist/extension.js:1:222757)
    at processTicksAndRejections (node:internal/process/task_queues:96:5)
2023-02-01 14:43:28.059 [error] nvim_call_function: Vim:E117: Unknown function: VSCodeClearUndo: Error: Error making request to nvim_call_function
    at o.request (/home/rezikham/.vscode-oss/extensions/asvetliakov.vscode-neovim-0.0.95/node_modules/neovim/lib/api/Base.js:77:21)
    at o.prefix [as call] (/home/rezikham/.vscode-oss/extensions/asvetliakov.vscode-neovim-0.0.95/node_modules/neovim/lib/api/Neovim.js:327:32)
    at onBufferInit (/home/rezikham/.vscode-oss/extensions/asvetliakov.vscode-neovim-0.0.95/node_modules/neovim/lib/api/Neovim.js:342:37)
    at fe.<anonymous> (/home/rezikham/.vscode-oss/extensions/asvetliakov.vscode-neovim-0.0.95/src/buffer_manager.ts:566:18)
    at Generator.next (<anonymous>)
    at o (/home/rezikham/.vscode-oss/extensions/asvetliakov.vscode-neovim-0.0.95/dist/extension.js:1:222757)
    at processTicksAndRejections (node:internal/process/task_queues:96:5)
2023-02-01 14:44:33.912 [error] nvim_call_function: Vim:E117: Unknown function: VSCodeClearUndo: Error: Error making request to nvim_call_function
    at o.request (/home/rezikham/.vscode-oss/extensions/asvetliakov.vscode-neovim-0.0.95/node_modules/neovim/lib/api/Base.js:77:21)
    at o.prefix [as call] (/home/rezikham/.vscode-oss/extensions/asvetliakov.vscode-neovim-0.0.95/node_modules/neovim/lib/api/Neovim.js:327:32)
    at onBufferInit (/home/rezikham/.vscode-oss/extensions/asvetliakov.vscode-neovim-0.0.95/node_modules/neovim/lib/api/Neovim.js:342:37)
    at fe.<anonymous> (/home/rezikham/.vscode-oss/extensions/asvetliakov.vscode-neovim-0.0.95/src/buffer_manager.ts:566:18)
    at Generator.next (<anonymous>)
    at o (/home/rezikham/.vscode-oss/extensions/asvetliakov.vscode-neovim-0.0.95/dist/extension.js:1:222757)
    at processTicksAndRejections (node:internal/process/task_queues:96:5)
2023-02-01 14:54:51.356 [error] nvim_call_function: Vim:E117: Unknown function: VSCodeClearUndo: Error: Error making request to nvim_call_function
    at o.request (/home/rezikham/.vscode-oss/extensions/asvetliakov.vscode-neovim-0.0.95/node_modules/neovim/lib/api/Base.js:77:21)
    at o.prefix [as call] (/home/rezikham/.vscode-oss/extensions/asvetliakov.vscode-neovim-0.0.95/node_modules/neovim/lib/api/Neovim.js:327:32)
    at onBufferInit (/home/rezikham/.vscode-oss/extensions/asvetliakov.vscode-neovim-0.0.95/node_modules/neovim/lib/api/Neovim.js:342:37)
    at fe.<anonymous> (/home/rezikham/.vscode-oss/extensions/asvetliakov.vscode-neovim-0.0.95/src/buffer_manager.ts:566:18)
    at Generator.next (<anonymous>)
    at o (/home/rezikham/.vscode-oss/extensions/asvetliakov.vscode-neovim-0.0.95/dist/extension.js:1:222757)
    at processTicksAndRejections (node:internal/process/task_queues:96:5)
2023-02-01 14:54:52.667 [error] nvim_call_function: Vim:E117: Unknown function: VSCodeClearUndo: Error: Error making request to nvim_call_function
    at o.request (/home/rezikham/.vscode-oss/extensions/asvetliakov.vscode-neovim-0.0.95/node_modules/neovim/lib/api/Base.js:77:21)
    at o.prefix [as call] (/home/rezikham/.vscode-oss/extensions/asvetliakov.vscode-neovim-0.0.95/node_modules/neovim/lib/api/Neovim.js:327:32)
    at onBufferInit (/home/rezikham/.vscode-oss/extensions/asvetliakov.vscode-neovim-0.0.95/node_modules/neovim/lib/api/Neovim.js:342:37)
    at fe.<anonymous> (/home/rezikham/.vscode-oss/extensions/asvetliakov.vscode-neovim-0.0.95/src/buffer_manager.ts:566:18)
    at Generator.next (<anonymous>)
    at o (/home/rezikham/.vscode-oss/extensions/asvetliakov.vscode-neovim-0.0.95/dist/extension.js:1:222757)
    at processTicksAndRejections (node:internal/process/task_queues:96:5)
2023-02-01 14:54:54.010 [error] nvim_call_function: Vim:E117: Unknown function: VSCodeClearUndo: Error: Error making request to nvim_call_function
    at o.request (/home/rezikham/.vscode-oss/extensions/asvetliakov.vscode-neovim-0.0.95/node_modules/neovim/lib/api/Base.js:77:21)
    at o.prefix [as call] (/home/rezikham/.vscode-oss/extensions/asvetliakov.vscode-neovim-0.0.95/node_modules/neovim/lib/api/Neovim.js:327:32)
    at onBufferInit (/home/rezikham/.vscode-oss/extensions/asvetliakov.vscode-neovim-0.0.95/node_modules/neovim/lib/api/Neovim.js:342:37)
    at fe.<anonymous> (/home/rezikham/.vscode-oss/extensions/asvetliakov.vscode-neovim-0.0.95/src/buffer_manager.ts:566:18)
    at Generator.next (<anonymous>)
    at o (/home/rezikham/.vscode-oss/extensions/asvetliakov.vscode-neovim-0.0.95/dist/extension.js:1:222757)
    at processTicksAndRejections (node:internal/process/task_queues:96:5)
2023-02-01 14:54:56.808 [error] nvim_call_function: Vim:E117: Unknown function: VSCodeClearUndo: Error: Error making request to nvim_call_function
    at o.request (/home/rezikham/.vscode-oss/extensions/asvetliakov.vscode-neovim-0.0.95/node_modules/neovim/lib/api/Base.js:77:21)
    at o.prefix [as call] (/home/rezikham/.vscode-oss/extensions/asvetliakov.vscode-neovim-0.0.95/node_modules/neovim/lib/api/Neovim.js:327:32)
    at onBufferInit (/home/rezikham/.vscode-oss/extensions/asvetliakov.vscode-neovim-0.0.95/node_modules/neovim/lib/api/Neovim.js:342:37)
    at fe.<anonymous> (/home/rezikham/.vscode-oss/extensions/asvetliakov.vscode-neovim-0.0.95/src/buffer_manager.ts:566:18)
    at Generator.next (<anonymous>)
    at o (/home/rezikham/.vscode-oss/extensions/asvetliakov.vscode-neovim-0.0.95/dist/extension.js:1:222757)
    at processTicksAndRejections (node:internal/process/task_queues:96:5)
2023-02-01 14:54:58.628 [error] nvim_call_function: Vim:E117: Unknown function: VSCodeClearUndo: Error: Error making request to nvim_call_function
    at o.request (/home/rezikham/.vscode-oss/extensions/asvetliakov.vscode-neovim-0.0.95/node_modules/neovim/lib/api/Base.js:77:21)
    at o.prefix [as call] (/home/rezikham/.vscode-oss/extensions/asvetliakov.vscode-neovim-0.0.95/node_modules/neovim/lib/api/Neovim.js:327:32)
    at onBufferInit (/home/rezikham/.vscode-oss/extensions/asvetliakov.vscode-neovim-0.0.95/node_modules/neovim/lib/api/Neovim.js:342:37)
    at fe.<anonymous> (/home/rezikham/.vscode-oss/extensions/asvetliakov.vscode-neovim-0.0.95/src/buffer_manager.ts:566:18)
    at Generator.next (<anonymous>)
    at o (/home/rezikham/.vscode-oss/extensions/asvetliakov.vscode-neovim-0.0.95/dist/extension.js:1:222757)
    at processTicksAndRejections (node:internal/process/task_queues:96:5)
2023-02-01 14:54:59.855 [error] nvim_call_function: Vim:E117: Unknown function: VSCodeClearUndo: Error: Error making request to nvim_call_function
    at o.request (/home/rezikham/.vscode-oss/extensions/asvetliakov.vscode-neovim-0.0.95/node_modules/neovim/lib/api/Base.js:77:21)
    at o.prefix [as call] (/home/rezikham/.vscode-oss/extensions/asvetliakov.vscode-neovim-0.0.95/node_modules/neovim/lib/api/Neovim.js:327:32)
    at onBufferInit (/home/rezikham/.vscode-oss/extensions/asvetliakov.vscode-neovim-0.0.95/node_modules/neovim/lib/api/Neovim.js:342:37)
    at fe.<anonymous> (/home/rezikham/.vscode-oss/extensions/asvetliakov.vscode-neovim-0.0.95/src/buffer_manager.ts:566:18)
    at Generator.next (<anonymous>)
    at o (/home/rezikham/.vscode-oss/extensions/asvetliakov.vscode-neovim-0.0.95/dist/extension.js:1:222757)
    at processTicksAndRejections (node:internal/process/task_queues:96:5)
2023-02-01 14:55:00.964 [error] nvim_call_function: Vim:E117: Unknown function: VSCodeClearUndo: Error: Error making request to nvim_call_function
    at o.request (/home/rezikham/.vscode-oss/extensions/asvetliakov.vscode-neovim-0.0.95/node_modules/neovim/lib/api/Base.js:77:21)
    at o.prefix [as call] (/home/rezikham/.vscode-oss/extensions/asvetliakov.vscode-neovim-0.0.95/node_modules/neovim/lib/api/Neovim.js:327:32)
    at onBufferInit (/home/rezikham/.vscode-oss/extensions/asvetliakov.vscode-neovim-0.0.95/node_modules/neovim/lib/api/Neovim.js:342:37)
    at fe.<anonymous> (/home/rezikham/.vscode-oss/extensions/asvetliakov.vscode-neovim-0.0.95/src/buffer_manager.ts:566:18)
    at Generator.next (<anonymous>)
    at o (/home/rezikham/.vscode-oss/extensions/asvetliakov.vscode-neovim-0.0.95/dist/extension.js:1:222757)
    at processTicksAndRejections (node:internal/process/task_queues:96:5)
2023-02-01 14:55:05.308 [error] nvim_call_function: Vim:E117: Unknown function: VSCodeClearUndo: Error: Error making request to nvim_call_function
    at o.request (/home/rezikham/.vscode-oss/extensions/asvetliakov.vscode-neovim-0.0.95/node_modules/neovim/lib/api/Base.js:77:21)
    at o.prefix [as call] (/home/rezikham/.vscode-oss/extensions/asvetliakov.vscode-neovim-0.0.95/node_modules/neovim/lib/api/Neovim.js:327:32)
    at onBufferInit (/home/rezikham/.vscode-oss/extensions/asvetliakov.vscode-neovim-0.0.95/node_modules/neovim/lib/api/Neovim.js:342:37)
    at fe.<anonymous> (/home/rezikham/.vscode-oss/extensions/asvetliakov.vscode-neovim-0.0.95/src/buffer_manager.ts:566:18)
    at Generator.next (<anonymous>)
    at o (/home/rezikham/.vscode-oss/extensions/asvetliakov.vscode-neovim-0.0.95/dist/extension.js:1:222757)
    at processTicksAndRejections (node:internal/process/task_queues:96:5)
2023-02-01 14:55:06.440 [error] nvim_call_function: Vim:E117: Unknown function: VSCodeClearUndo: Error: Error making request to nvim_call_function
    at o.request (/home/rezikham/.vscode-oss/extensions/asvetliakov.vscode-neovim-0.0.95/node_modules/neovim/lib/api/Base.js:77:21)
    at o.prefix [as call] (/home/rezikham/.vscode-oss/extensions/asvetliakov.vscode-neovim-0.0.95/node_modules/neovim/lib/api/Neovim.js:327:32)
    at onBufferInit (/home/rezikham/.vscode-oss/extensions/asvetliakov.vscode-neovim-0.0.95/node_modules/neovim/lib/api/Neovim.js:342:37)
    at fe.<anonymous> (/home/rezikham/.vscode-oss/extensions/asvetliakov.vscode-neovim-0.0.95/src/buffer_manager.ts:566:18)
    at Generator.next (<anonymous>)
    at o (/home/rezikham/.vscode-oss/extensions/asvetliakov.vscode-neovim-0.0.95/dist/extension.js:1:222757)
    at processTicksAndRejections (node:internal/process/task_queues:96:5)
2023-02-01 14:55:34.896 [error] nvim_call_function: Vim:E117: Unknown function: VSCodeClearUndo: Error: Error making request to nvim_call_function
    at o.request (/home/rezikham/.vscode-oss/extensions/asvetliakov.vscode-neovim-0.0.95/node_modules/neovim/lib/api/Base.js:77:21)
    at o.prefix [as call] (/home/rezikham/.vscode-oss/extensions/asvetliakov.vscode-neovim-0.0.95/node_modules/neovim/lib/api/Neovim.js:327:32)
    at onBufferInit (/home/rezikham/.vscode-oss/extensions/asvetliakov.vscode-neovim-0.0.95/node_modules/neovim/lib/api/Neovim.js:342:37)
    at fe.<anonymous> (/home/rezikham/.vscode-oss/extensions/asvetliakov.vscode-neovim-0.0.95/src/buffer_manager.ts:566:18)
    at Generator.next (<anonymous>)
    at o (/home/rezikham/.vscode-oss/extensions/asvetliakov.vscode-neovim-0.0.95/dist/extension.js:1:222757)
    at processTicksAndRejections (node:internal/process/task_queues:96:5)
2023-02-01 14:55:47.503 [error] nvim_call_function: Vim:E117: Unknown function: VSCodeClearUndo: Error: Error making request to nvim_call_function
    at o.request (/home/rezikham/.vscode-oss/extensions/asvetliakov.vscode-neovim-0.0.95/node_modules/neovim/lib/api/Base.js:77:21)
    at o.prefix [as call] (/home/rezikham/.vscode-oss/extensions/asvetliakov.vscode-neovim-0.0.95/node_modules/neovim/lib/api/Neovim.js:327:32)
    at onBufferInit (/home/rezikham/.vscode-oss/extensions/asvetliakov.vscode-neovim-0.0.95/node_modules/neovim/lib/api/Neovim.js:342:37)
    at fe.<anonymous> (/home/rezikham/.vscode-oss/extensions/asvetliakov.vscode-neovim-0.0.95/src/buffer_manager.ts:566:18)
    at Generator.next (<anonymous>)
    at o (/home/rezikham/.vscode-oss/extensions/asvetliakov.vscode-neovim-0.0.95/dist/extension.js:1:222757)
    at processTicksAndRejections (node:internal/process/task_queues:96:5)
2023-02-01 14:56:15.964 [error] nvim_call_function: Vim:E117: Unknown function: VSCodeClearUndo: Error: Error making request to nvim_call_function
    at o.request (/home/rezikham/.vscode-oss/extensions/asvetliakov.vscode-neovim-0.0.95/node_modules/neovim/lib/api/Base.js:77:21)
    at o.prefix [as call] (/home/rezikham/.vscode-oss/extensions/asvetliakov.vscode-neovim-0.0.95/node_modules/neovim/lib/api/Neovim.js:327:32)
    at onBufferInit (/home/rezikham/.vscode-oss/extensions/asvetliakov.vscode-neovim-0.0.95/node_modules/neovim/lib/api/Neovim.js:342:37)
    at fe.<anonymous> (/home/rezikham/.vscode-oss/extensions/asvetliakov.vscode-neovim-0.0.95/src/buffer_manager.ts:566:18)
    at Generator.next (<anonymous>)
    at o (/home/rezikham/.vscode-oss/extensions/asvetliakov.vscode-neovim-0.0.95/dist/extension.js:1:222757)
    at processTicksAndRejections (node:internal/process/task_queues:96:5)
2023-02-01 14:56:17.664 [error] nvim_call_function: Vim:E117: Unknown function: VSCodeClearUndo: Error: Error making request to nvim_call_function
    at o.request (/home/rezikham/.vscode-oss/extensions/asvetliakov.vscode-neovim-0.0.95/node_modules/neovim/lib/api/Base.js:77:21)
    at o.prefix [as call] (/home/rezikham/.vscode-oss/extensions/asvetliakov.vscode-neovim-0.0.95/node_modules/neovim/lib/api/Neovim.js:327:32)
    at onBufferInit (/home/rezikham/.vscode-oss/extensions/asvetliakov.vscode-neovim-0.0.95/node_modules/neovim/lib/api/Neovim.js:342:37)
    at fe.<anonymous> (/home/rezikham/.vscode-oss/extensions/asvetliakov.vscode-neovim-0.0.95/src/buffer_manager.ts:566:18)
    at Generator.next (<anonymous>)
    at o (/home/rezikham/.vscode-oss/extensions/asvetliakov.vscode-neovim-0.0.95/dist/extension.js:1:222757)
    at processTicksAndRejections (node:internal/process/task_queues:96:5)
2023-02-01 14:56:38.347 [error] nvim_call_function: Vim:E117: Unknown function: VSCodeClearUndo: Error: Error making request to nvim_call_function
    at o.request (/home/rezikham/.vscode-oss/extensions/asvetliakov.vscode-neovim-0.0.95/node_modules/neovim/lib/api/Base.js:77:21)
    at o.prefix [as call] (/home/rezikham/.vscode-oss/extensions/asvetliakov.vscode-neovim-0.0.95/node_modules/neovim/lib/api/Neovim.js:327:32)
    at onBufferInit (/home/rezikham/.vscode-oss/extensions/asvetliakov.vscode-neovim-0.0.95/node_modules/neovim/lib/api/Neovim.js:342:37)
    at fe.<anonymous> (/home/rezikham/.vscode-oss/extensions/asvetliakov.vscode-neovim-0.0.95/src/buffer_manager.ts:566:18)
    at Generator.next (<anonymous>)
    at o (/home/rezikham/.vscode-oss/extensions/asvetliakov.vscode-neovim-0.0.95/dist/extension.js:1:222757)
    at processTicksAndRejections (node:internal/process/task_queues:96:5)
2023-02-01 14:58:25.199 [error] nvim_call_function: Vim:E117: Unknown function: VSCodeClearUndo: Error: Error making request to nvim_call_function
    at o.request (/home/rezikham/.vscode-oss/extensions/asvetliakov.vscode-neovim-0.0.95/node_modules/neovim/lib/api/Base.js:77:21)
    at o.prefix [as call] (/home/rezikham/.vscode-oss/extensions/asvetliakov.vscode-neovim-0.0.95/node_modules/neovim/lib/api/Neovim.js:327:32)
    at onBufferInit (/home/rezikham/.vscode-oss/extensions/asvetliakov.vscode-neovim-0.0.95/node_modules/neovim/lib/api/Neovim.js:342:37)
    at fe.<anonymous> (/home/rezikham/.vscode-oss/extensions/asvetliakov.vscode-neovim-0.0.95/src/buffer_manager.ts:566:18)
    at Generator.next (<anonymous>)
    at o (/home/rezikham/.vscode-oss/extensions/asvetliakov.vscode-neovim-0.0.95/dist/extension.js:1:222757)
    at processTicksAndRejections (node:internal/process/task_queues:96:5)
2023-02-01 14:59:28.945 [error] nvim_call_function: Vim:E117: Unknown function: VSCodeClearUndo: Error: Error making request to nvim_call_function
    at o.request (/home/rezikham/.vscode-oss/extensions/asvetliakov.vscode-neovim-0.0.95/node_modules/neovim/lib/api/Base.js:77:21)
    at o.prefix [as call] (/home/rezikham/.vscode-oss/extensions/asvetliakov.vscode-neovim-0.0.95/node_modules/neovim/lib/api/Neovim.js:327:32)
    at onBufferInit (/home/rezikham/.vscode-oss/extensions/asvetliakov.vscode-neovim-0.0.95/node_modules/neovim/lib/api/Neovim.js:342:37)
    at fe.<anonymous> (/home/rezikham/.vscode-oss/extensions/asvetliakov.vscode-neovim-0.0.95/src/buffer_manager.ts:566:18)
    at Generator.next (<anonymous>)
    at o (/home/rezikham/.vscode-oss/extensions/asvetliakov.vscode-neovim-0.0.95/dist/extension.js:1:222757)
    at processTicksAndRejections (node:internal/process/task_queues:96:5)
2023-02-01 15:00:19.242 [error] nvim_call_function: Vim:E117: Unknown function: VSCodeClearUndo: Error: Error making request to nvim_call_function
    at o.request (/home/rezikham/.vscode-oss/extensions/asvetliakov.vscode-neovim-0.0.95/node_modules/neovim/lib/api/Base.js:77:21)
    at o.prefix [as call] (/home/rezikham/.vscode-oss/extensions/asvetliakov.vscode-neovim-0.0.95/node_modules/neovim/lib/api/Neovim.js:327:32)
    at onBufferInit (/home/rezikham/.vscode-oss/extensions/asvetliakov.vscode-neovim-0.0.95/node_modules/neovim/lib/api/Neovim.js:342:37)
    at fe.<anonymous> (/home/rezikham/.vscode-oss/extensions/asvetliakov.vscode-neovim-0.0.95/src/buffer_manager.ts:566:18)
    at Generator.next (<anonymous>)
    at o (/home/rezikham/.vscode-oss/extensions/asvetliakov.vscode-neovim-0.0.95/dist/extension.js:1:222757)
    at processTicksAndRejections (node:internal/process/task_queues:96:5)
2023-02-01 15:02:09.568 [error] nvim_call_function: Vim:E117: Unknown function: VSCodeClearUndo: Error: Error making request to nvim_call_function
    at o.request (/home/rezikham/.vscode-oss/extensions/asvetliakov.vscode-neovim-0.0.95/node_modules/neovim/lib/api/Base.js:77:21)
    at o.prefix [as call] (/home/rezikham/.vscode-oss/extensions/asvetliakov.vscode-neovim-0.0.95/node_modules/neovim/lib/api/Neovim.js:327:32)
    at onBufferInit (/home/rezikham/.vscode-oss/extensions/asvetliakov.vscode-neovim-0.0.95/node_modules/neovim/lib/api/Neovim.js:342:37)
    at fe.<anonymous> (/home/rezikham/.vscode-oss/extensions/asvetliakov.vscode-neovim-0.0.95/src/buffer_manager.ts:566:18)
    at Generator.next (<anonymous>)
    at o (/home/rezikham/.vscode-oss/extensions/asvetliakov.vscode-neovim-0.0.95/dist/extension.js:1:222757)
    at processTicksAndRejections (node:internal/process/task_queues:96:5)
