2023-02-01 13:33:20.412 [info] Added views:workbench.panel.markers.view in workbench.panel.markers
2023-02-01 13:33:20.412 [info] Added views:workbench.panel.output in workbench.panel.output
2023-02-01 13:33:20.412 [info] Added views:terminal in terminal
2023-02-01 13:33:20.412 [info] Added views:outline in workbench.view.explorer
2023-02-01 13:33:20.412 [info] Added views:workbench.scm in workbench.view.scm
2023-02-01 13:33:20.412 [info] Added views:workbench.view.search in workbench.view.search
2023-02-01 13:33:20.412 [info] Added views:timeline in workbench.view.explorer
2023-02-01 13:33:20.412 [info] Added views:workbench.explorer.emptyView in workbench.view.explorer
2023-02-01 13:33:20.519 [info] Added views:workbench.debug.welcome in workbench.view.debug
2023-02-01 13:33:20.834 [info] Added views:oracleDBObjectExplorer,oracleCloudExplorer,oracleBookmarkExplorer,oracleQueryHistoryExplorer in workbench.view.extension.oracle-db-explorer
2023-02-01 13:33:21.067 [info] Added views:workbench.panel.repl.view in workbench.panel.repl
2023-02-01 13:33:44.955 [info] Added views:workbench.panel.markers.view in workbench.panel.markers
2023-02-01 13:33:44.955 [info] Added views:workbench.panel.output in workbench.panel.output
2023-02-01 13:33:44.955 [info] Added views:terminal in terminal
2023-02-01 13:33:44.955 [info] Added views:outline in workbench.view.explorer
2023-02-01 13:33:44.955 [info] Added views:workbench.scm in workbench.view.scm
2023-02-01 13:33:44.955 [info] Added views:workbench.view.search in workbench.view.search
2023-02-01 13:33:44.955 [info] Added views:timeline in workbench.view.explorer
2023-02-01 13:33:44.955 [info] Added views:workbench.explorer.fileView in workbench.view.explorer
2023-02-01 13:33:44.955 [info] Added views:workbench.debug.variablesView,workbench.debug.watchExpressionsView,workbench.debug.callStackView,workbench.debug.breakPointsView in workbench.view.debug
2023-02-01 13:33:45.282 [info] Added views:oracleDBObjectExplorer,oracleCloudExplorer,oracleBookmarkExplorer,oracleQueryHistoryExplorer in workbench.view.extension.oracle-db-explorer
2023-02-01 13:33:45.691 [info] Added views:workbench.panel.repl.view in workbench.panel.repl
2023-02-01 13:33:45.692 [info] Removed views:workbench.debug.breakPointsView,workbench.debug.callStackView,workbench.debug.watchExpressionsView,workbench.debug.variablesView from workbench.view.debug
2023-02-01 13:33:45.693 [info] Added views:workbench.debug.welcome in workbench.view.debug
2023-02-01 13:33:46.627 [info] Added views:workbench.view.testing in workbench.view.extension.test
2023-02-01 13:33:49.779 [info] Added views:jupyterViewVariables in workbench.view.extension.jupyter-variables
2023-02-01 13:33:57.974 [info] Added views:workbench.views.extensions.installed,workbench.views.extensions.popular,extensions.recommendedList in workbench.view.extensions
2023-02-01 13:33:57.982 [info] Removed views:workbench.views.extensions.popular from workbench.view.extensions
2023-02-01 13:39:59.613 [info] Removed views:jupyterViewVariables from workbench.view.extension.jupyter-variables
2023-02-01 13:39:59.818 [info] Added views:jupyterViewVariables in workbench.view.extension.jupyter-variables
2023-02-01 13:44:10.010 [info] Removed views:jupyterViewVariables from workbench.view.extension.jupyter-variables
2023-02-01 13:44:10.072 [info] Added views:jupyterViewVariables in workbench.view.extension.jupyter-variables
