2023-01-29 18:14:11.823 [info] Extension host with pid 26724 started
2023-01-29 18:14:11.885 [info] ExtensionService#_doActivateExtension vscode.microsoft-authentication, startup: false, activationEvent: 'onAuthenticationRequest:microsoft'
2023-01-29 18:14:11.885 [info] ExtensionService#_doActivateExtension vscode.git-base, startup: true, activationEvent: '*', root cause: vscode.git
2023-01-29 18:14:11.885 [info] ExtensionService#_doActivateExtension asvetliakov.vscode-neovim, startup: true, activationEvent: '*'
2023-01-29 18:14:11.885 [info] ExtensionService#_doActivateExtension ms-dotnettools.vscode-dotnet-runtime, startup: true, activationEvent: '*', root cause: Oracle.oracledevtools
2023-01-29 18:14:11.886 [info] ExtensionService#_doActivateExtension vscodevim.vim, startup: true, activationEvent: '*'
2023-01-29 18:14:12.143 [info] ExtensionService#_doActivateExtension vscode.git, startup: true, activationEvent: '*'
2023-01-29 18:14:12.143 [info] ExtensionService#_doActivateExtension vscode.github, startup: true, activationEvent: '*'
2023-01-29 18:14:12.143 [info] ExtensionService#_doActivateExtension Oracle.oracledevtools, startup: true, activationEvent: '*'
2023-01-29 18:14:12.950 [error] Activating extension Oracle.oracledevtools failed due to an error:
2023-01-29 18:14:12.950 [error] false
2023-01-29 18:14:12.978 [info] Eager extensions activated
2023-01-29 18:14:13.029 [info] ExtensionService#_doActivateExtension vscode.debug-auto-launch, startup: false, activationEvent: 'onStartupFinished'
2023-01-29 18:14:13.030 [info] ExtensionService#_doActivateExtension vscode.emmet, startup: false, activationEvent: 'onStartupFinished'
2023-01-29 18:14:13.030 [info] ExtensionService#_doActivateExtension vscode.merge-conflict, startup: false, activationEvent: 'onStartupFinished'
2023-01-29 18:14:13.030 [info] ExtensionService#_doActivateExtension vscode.github-authentication, startup: false, activationEvent: 'onAuthenticationRequest:github'
2023-01-29 18:14:13.125 [error] Error: ENOENT: no such file or directory, open '/home/rezikham/.config/Code - OSS/User/globalStorage/vscodevim.vim/.registers'
2023-01-29 18:35:59.628 [info] ExtensionService#_doActivateExtension vscode.configuration-editing, startup: false, activationEvent: 'onLanguage:jsonc'
2023-01-29 18:35:59.629 [info] ExtensionService#_doActivateExtension vscode.json-language-features, startup: false, activationEvent: 'onLanguage:jsonc'
2023-01-29 18:35:59.629 [info] ExtensionService#_doActivateExtension vscode.typescript-language-features, startup: false, activationEvent: 'onLanguage:jsonc'
2023-01-29 19:50:39.595 [info] Extension host terminating: received terminate message from renderer
2023-01-29 19:50:39.924 [error] TypeError: Converting circular structure to JSON
    --> starting at object with constructor 't'
    |     property '_readableState' -> object with constructor 'M'
    |     property 'pipes' -> object with constructor 'Array'
    |     index 0 -> object with constructor 't.ConsoleForElectron'
    --- property 'parent' closes the circle
    at JSON.stringify (<anonymous>)
    at /home/rezikham/.vscode-oss/extensions/vscodevim.vim-1.24.3/src/register/register.ts:333:16
    at process.async (node:internal/process/task_queues:96:5)
    at Object.e.deactivate (/home/rezikham/.vscode-oss/extensions/vscodevim.vim-1.24.3/extension.ts:64:8)
    at async Promise.all (index 14)
    at d.Q (/usr/lib/code/out/vs/workbench/api/node/extensionHostProcess.js:106:9315)
2023-01-29 19:50:39.927 [info] Extension host with pid 26724 exiting with code 0
