2023-01-29 12:57:00.733 [info] Extension host with pid 45853 started
2023-01-29 12:57:00.788 [info] ExtensionService#_doActivateExtension vscode.microsoft-authentication, startup: false, activationEvent: 'onAuthenticationRequest:microsoft'
2023-01-29 12:57:00.788 [info] ExtensionService#_doActivateExtension vscode.git-base, startup: true, activationEvent: '*', root cause: vscode.git
2023-01-29 12:57:00.788 [info] ExtensionService#_doActivateExtension asvetliakov.vscode-neovim, startup: true, activationEvent: '*'
2023-01-29 12:57:00.788 [info] ExtensionService#_doActivateExtension ms-dotnettools.vscode-dotnet-runtime, startup: true, activationEvent: '*', root cause: Oracle.oracledevtools
2023-01-29 12:57:00.789 [info] ExtensionService#_doActivateExtension vscodevim.vim, startup: true, activationEvent: '*'
2023-01-29 12:57:01.059 [info] ExtensionService#_doActivateExtension vscode.git, startup: true, activationEvent: '*'
2023-01-29 12:57:01.059 [info] ExtensionService#_doActivateExtension vscode.github, startup: true, activationEvent: '*'
2023-01-29 12:57:01.060 [info] ExtensionService#_doActivateExtension Oracle.oracledevtools, startup: true, activationEvent: '*'
2023-01-29 12:57:01.909 [error] Activating extension Oracle.oracledevtools failed due to an error:
2023-01-29 12:57:01.909 [error] false
2023-01-29 12:57:01.939 [info] Eager extensions activated
2023-01-29 12:57:01.962 [info] ExtensionService#_doActivateExtension vscode.debug-auto-launch, startup: false, activationEvent: 'onStartupFinished'
2023-01-29 12:57:01.962 [info] ExtensionService#_doActivateExtension vscode.emmet, startup: false, activationEvent: 'onStartupFinished'
2023-01-29 12:57:01.962 [info] ExtensionService#_doActivateExtension vscode.merge-conflict, startup: false, activationEvent: 'onStartupFinished'
2023-01-29 12:57:02.006 [info] ExtensionService#_doActivateExtension vscode.github-authentication, startup: false, activationEvent: 'onAuthenticationRequest:github'
2023-01-29 12:57:02.031 [error] Error: ENOENT: no such file or directory, open '/home/rezikham/.config/Code - OSS/User/globalStorage/vscodevim.vim/.registers'
2023-01-29 13:01:38.892 [info] Extension host terminating: received terminate message from renderer
2023-01-29 13:01:38.903 [error] Error: ENOENT: no such file or directory, open '/home/rezikham/.config/Code - OSS/User/globalStorage/vscodevim.vim/.registers'
2023-01-29 13:01:38.903 [info] Extension host with pid 45853 exiting with code 0
