2022-12-10 00:31:19.669 [info] Validating found git in: git
2022-12-10 00:31:19.669 [info] Using git 2.38.1 from git
2022-12-10 00:31:19.669 [info] > git rev-parse --show-toplevel [10ms]
2022-12-10 00:31:19.669 [info] > git rev-parse --git-dir --git-common-dir [1ms]
2022-12-10 00:31:19.669 [info] Log level: Info
2022-12-10 00:31:19.669 [info] Open repository: /home/rezikham/repo/Deakin-Doc
2022-12-10 00:31:19.669 [info] > git status -z -uall [16ms]
2022-12-10 00:31:19.669 [info] > git rev-parse --show-toplevel [9ms]
2022-12-10 00:31:19.669 [info] > git remote --verbose [30ms]
2022-12-10 00:31:19.669 [info] > git for-each-ref --sort -committerdate --format %(refname) %(objectname) %(*objectname) [36ms]
2022-12-10 00:31:19.669 [info] > git rev-parse --show-toplevel [3ms]
2022-12-10 00:31:19.669 [info] > git config --get commit.template [16ms]
2022-12-10 00:31:19.684 [info] > git rev-parse --show-toplevel [38ms]
2022-12-10 00:31:19.711 [info] > git for-each-ref --format=%(refname)%00%(upstream:short)%00%(objectname)%00%(upstream:track)%00%(upstream:remotename)%00%(upstream:remoteref) refs/heads/main refs/remotes/main [18ms]
2022-12-10 00:31:19.727 [info] > git rev-parse --show-toplevel [38ms]
2022-12-10 00:31:19.743 [info] > git status -z -uall [16ms]
2022-12-10 00:31:19.744 [info] > git remote --verbose [21ms]
2022-12-10 00:31:19.744 [info] > git for-each-ref --sort -committerdate --format %(refname) %(objectname) %(*objectname) [25ms]
2022-12-10 00:31:19.746 [info] > git config --get commit.template [3ms]
2022-12-10 00:31:19.746 [info] > git rev-parse --show-toplevel [14ms]
2022-12-10 00:31:19.757 [info] > git rev-parse --show-toplevel [6ms]
2022-12-10 00:31:19.762 [info] > git for-each-ref --format=%(refname)%00%(upstream:short)%00%(objectname)%00%(upstream:track)%00%(upstream:remotename)%00%(upstream:remoteref) refs/heads/main refs/remotes/main [6ms]
2022-12-10 00:31:19.763 [info] > git rev-parse --show-toplevel [2ms]
2022-12-10 00:31:19.769 [info] > git rev-parse --show-toplevel [0ms]
2022-12-10 00:31:19.773 [info] > git rev-parse --show-toplevel [1ms]
2022-12-10 00:31:19.777 [info] > git rev-parse --show-toplevel [1ms]
2022-12-10 00:31:19.952 [info] > git show --textconv :README.md [6ms]
2022-12-10 00:31:19.953 [info] > git ls-files --stage -- /home/rezikham/repo/Deakin-Doc/README.md [4ms]
2022-12-10 00:31:19.959 [info] > git cat-file -s 14caeb7e48b9a1093723d4036eb2fb3ee74e0c71 [2ms]
2022-12-10 00:31:20.211 [info] > git check-ignore -v -z --stdin [2ms]
2022-12-10 00:31:20.270 [info] > git rev-parse --show-toplevel [0ms]
