2023-01-29 18:14:13.030 [info] Log level: Info
2023-01-29 18:14:13.030 [info] Validating found git in: "git"
2023-01-29 18:14:13.030 [info] Using git "2.39.1" from "git"
2023-01-29 18:14:13.030 [info] > git rev-parse --show-toplevel [3ms]
2023-01-29 18:14:13.030 [info] > git rev-parse --git-dir --git-common-dir [1ms]
2023-01-29 18:14:13.030 [info] Open repository: /home/rezikham/repo/Deakin-Doc
2023-01-29 18:14:13.030 [info] > git config --get commit.template [1ms]
2023-01-29 18:14:13.030 [info] > git for-each-ref --format=%(refname)%00%(upstream:short)%00%(objectname)%00%(upstream:track)%00%(upstream:remotename)%00%(upstream:remoteref) refs/heads/main refs/remotes/main [1ms]
2023-01-29 18:14:13.030 [info] > git status -z -uall [7ms]
2023-01-29 18:14:13.030 [info] > git for-each-ref --sort -committerdate --format %(refname) %(objectname) %(*objectname) [1ms]
2023-01-29 18:14:13.060 [info] > git config --get commit.template [35ms]
2023-01-29 18:14:13.073 [info] > git for-each-ref --format=%(refname)%00%(upstream:short)%00%(objectname)%00%(upstream:track)%00%(upstream:remotename)%00%(upstream:remoteref) refs/heads/main refs/remotes/main [7ms]
2023-01-29 18:14:13.088 [info] > git status -z -uall [9ms]
2023-01-29 18:14:13.090 [info] > git for-each-ref --sort -committerdate --format %(refname) %(objectname) %(*objectname) [4ms]
2023-01-29 18:14:13.409 [info] > git show --textconv :SIT111/9.3D/CPU.hdl [5ms]
2023-01-29 18:14:13.410 [info] > git ls-files --stage -- /home/rezikham/repo/Deakin-Doc/SIT111/9.3D/CPU.hdl [2ms]
2023-01-29 18:14:13.415 [info] > git cat-file -s 1ffe8673f20beb68f20787a5ffd8a12b864136f5 [1ms]
2023-01-29 18:14:13.566 [info] > git check-ignore -v -z --stdin [1ms]
2023-01-29 18:14:13.598 [info] > git rev-parse --show-toplevel [1ms]
2023-01-29 18:17:15.622 [info] > git config --get commit.template [8ms]
2023-01-29 18:17:15.623 [info] > git for-each-ref --format=%(refname)%00%(upstream:short)%00%(objectname)%00%(upstream:track)%00%(upstream:remotename)%00%(upstream:remoteref) refs/heads/main refs/remotes/main [2ms]
2023-01-29 18:17:15.640 [info] > git status -z -uall [11ms]
2023-01-29 18:17:15.641 [info] > git for-each-ref --sort -committerdate --format %(refname) %(objectname) %(*objectname) [2ms]
2023-01-29 18:17:16.151 [info] > git rev-parse --show-toplevel [1ms]
2023-01-29 18:17:20.656 [info] > git config --get commit.template [1ms]
2023-01-29 18:17:20.664 [info] > git for-each-ref --format=%(refname)%00%(upstream:short)%00%(objectname)%00%(upstream:track)%00%(upstream:remotename)%00%(upstream:remoteref) refs/heads/main refs/remotes/main [1ms]
2023-01-29 18:17:20.676 [info] > git for-each-ref --sort -committerdate --format %(refname) %(objectname) %(*objectname) [1ms]
2023-01-29 18:17:20.679 [info] > git status -z -uall [9ms]
2023-01-29 18:17:21.188 [info] > git rev-parse --show-toplevel [0ms]
2023-01-29 18:20:50.847 [info] > git config --get commit.template [6ms]
2023-01-29 18:20:50.847 [info] > git for-each-ref --format=%(refname)%00%(upstream:short)%00%(objectname)%00%(upstream:track)%00%(upstream:remotename)%00%(upstream:remoteref) refs/heads/main refs/remotes/main [1ms]
2023-01-29 18:20:50.861 [info] > git status -z -uall [8ms]
2023-01-29 18:20:50.862 [info] > git for-each-ref --sort -committerdate --format %(refname) %(objectname) %(*objectname) [1ms]
2023-01-29 18:20:51.373 [info] > git rev-parse --show-toplevel [0ms]
2023-01-29 18:34:49.075 [info] > git config --get commit.template [8ms]
2023-01-29 18:34:49.075 [info] > git for-each-ref --format=%(refname)%00%(upstream:short)%00%(objectname)%00%(upstream:track)%00%(upstream:remotename)%00%(upstream:remoteref) refs/heads/main refs/remotes/main [1ms]
2023-01-29 18:34:49.089 [info] > git status -z -uall [7ms]
2023-01-29 18:34:49.090 [info] > git for-each-ref --sort -committerdate --format %(refname) %(objectname) %(*objectname) [2ms]
2023-01-29 18:34:49.598 [info] > git rev-parse --show-toplevel [0ms]
2023-01-29 18:34:54.108 [info] > git config --get commit.template [6ms]
2023-01-29 18:34:54.109 [info] > git for-each-ref --format=%(refname)%00%(upstream:short)%00%(objectname)%00%(upstream:track)%00%(upstream:remotename)%00%(upstream:remoteref) refs/heads/main refs/remotes/main [0ms]
2023-01-29 18:34:54.121 [info] > git status -z -uall [6ms]
2023-01-29 18:34:54.122 [info] > git for-each-ref --sort -committerdate --format %(refname) %(objectname) %(*objectname) [2ms]
2023-01-29 18:34:54.635 [info] > git rev-parse --show-toplevel [0ms]
2023-01-29 18:38:42.844 [info] > git config --get commit.template [8ms]
2023-01-29 18:38:42.845 [info] > git for-each-ref --format=%(refname)%00%(upstream:short)%00%(objectname)%00%(upstream:track)%00%(upstream:remotename)%00%(upstream:remoteref) refs/heads/main refs/remotes/main [2ms]
2023-01-29 18:38:42.858 [info] > git status -z -uall [7ms]
2023-01-29 18:38:42.858 [info] > git for-each-ref --sort -committerdate --format %(refname) %(objectname) %(*objectname) [2ms]
2023-01-29 18:38:43.368 [info] > git rev-parse --show-toplevel [1ms]
2023-01-29 18:47:42.230 [info] > git config --get commit.template [5ms]
2023-01-29 18:47:42.230 [info] > git for-each-ref --format=%(refname)%00%(upstream:short)%00%(objectname)%00%(upstream:track)%00%(upstream:remotename)%00%(upstream:remoteref) refs/heads/main refs/remotes/main [1ms]
2023-01-29 18:47:42.240 [info] > git for-each-ref --sort -committerdate --format %(refname) %(objectname) %(*objectname) [1ms]
2023-01-29 18:47:42.240 [info] > git status -z -uall [5ms]
2023-01-29 18:47:42.749 [info] > git rev-parse --show-toplevel [0ms]
2023-01-29 19:03:41.247 [info] > git config --get commit.template [8ms]
2023-01-29 19:03:41.248 [info] > git for-each-ref --format=%(refname)%00%(upstream:short)%00%(objectname)%00%(upstream:track)%00%(upstream:remotename)%00%(upstream:remoteref) refs/heads/main refs/remotes/main [1ms]
2023-01-29 19:03:41.261 [info] > git status -z -uall [7ms]
2023-01-29 19:03:41.262 [info] > git for-each-ref --sort -committerdate --format %(refname) %(objectname) %(*objectname) [1ms]
2023-01-29 19:03:41.775 [info] > git rev-parse --show-toplevel [1ms]
2023-01-29 19:17:19.116 [info] > git config --get commit.template [10ms]
2023-01-29 19:17:19.117 [info] > git for-each-ref --format=%(refname)%00%(upstream:short)%00%(objectname)%00%(upstream:track)%00%(upstream:remotename)%00%(upstream:remoteref) refs/heads/main refs/remotes/main [2ms]
2023-01-29 19:17:19.133 [info] > git status -z -uall [10ms]
2023-01-29 19:17:19.134 [info] > git for-each-ref --sort -committerdate --format %(refname) %(objectname) %(*objectname) [2ms]
2023-01-29 19:17:19.644 [info] > git rev-parse --show-toplevel [1ms]
2023-01-29 19:29:43.925 [info] > git config --get commit.template [7ms]
2023-01-29 19:29:43.926 [info] > git for-each-ref --format=%(refname)%00%(upstream:short)%00%(objectname)%00%(upstream:track)%00%(upstream:remotename)%00%(upstream:remoteref) refs/heads/main refs/remotes/main [1ms]
2023-01-29 19:29:43.941 [info] > git status -z -uall [8ms]
2023-01-29 19:29:43.942 [info] > git for-each-ref --sort -committerdate --format %(refname) %(objectname) %(*objectname) [1ms]
2023-01-29 19:29:44.448 [info] > git rev-parse --show-toplevel [0ms]
2023-01-29 19:29:48.954 [info] > git config --get commit.template [5ms]
2023-01-29 19:29:48.955 [info] > git for-each-ref --format=%(refname)%00%(upstream:short)%00%(objectname)%00%(upstream:track)%00%(upstream:remotename)%00%(upstream:remoteref) refs/heads/main refs/remotes/main [1ms]
2023-01-29 19:29:48.965 [info] > git for-each-ref --sort -committerdate --format %(refname) %(objectname) %(*objectname) [1ms]
2023-01-29 19:29:48.967 [info] > git status -z -uall [8ms]
2023-01-29 19:29:49.474 [info] > git rev-parse --show-toplevel [1ms]
2023-01-29 19:34:44.088 [info] > git config --get commit.template [8ms]
2023-01-29 19:34:44.089 [info] > git for-each-ref --format=%(refname)%00%(upstream:short)%00%(objectname)%00%(upstream:track)%00%(upstream:remotename)%00%(upstream:remoteref) refs/heads/main refs/remotes/main [2ms]
2023-01-29 19:34:44.104 [info] > git status -z -uall [8ms]
2023-01-29 19:34:44.105 [info] > git for-each-ref --sort -committerdate --format %(refname) %(objectname) %(*objectname) [2ms]
2023-01-29 19:34:44.612 [info] > git rev-parse --show-toplevel [1ms]
2023-01-29 19:34:49.120 [info] > git config --get commit.template [6ms]
2023-01-29 19:34:49.120 [info] > git for-each-ref --format=%(refname)%00%(upstream:short)%00%(objectname)%00%(upstream:track)%00%(upstream:remotename)%00%(upstream:remoteref) refs/heads/main refs/remotes/main [1ms]
2023-01-29 19:34:49.132 [info] > git status -z -uall [7ms]
2023-01-29 19:34:49.132 [info] > git for-each-ref --sort -committerdate --format %(refname) %(objectname) %(*objectname) [1ms]
2023-01-29 19:34:49.640 [info] > git rev-parse --show-toplevel [1ms]
2023-01-29 19:47:50.695 [info] > git config --get commit.template [7ms]
2023-01-29 19:47:50.696 [info] > git for-each-ref --format=%(refname)%00%(upstream:short)%00%(objectname)%00%(upstream:track)%00%(upstream:remotename)%00%(upstream:remoteref) refs/heads/main refs/remotes/main [1ms]
2023-01-29 19:47:50.710 [info] > git status -z -uall [8ms]
2023-01-29 19:47:50.710 [info] > git for-each-ref --sort -committerdate --format %(refname) %(objectname) %(*objectname) [1ms]
2023-01-29 19:47:51.219 [info] > git rev-parse --show-toplevel [1ms]
