2023-02-01 13:33:22.230 [info] Log level: Info
2023-02-01 13:33:22.230 [info] Validating found git in: "git"
2023-02-01 13:33:22.230 [info] Using git "2.39.1" from "git"
2023-02-01 13:33:22.232 [info] > git rev-parse --show-toplevel [14ms]
2023-02-01 13:33:22.240 [info] > git rev-parse --git-dir --git-common-dir [0ms]
2023-02-01 13:33:22.242 [info] Open repository: /home/rezikham/repo/Deakin-Doc
2023-02-01 13:33:22.252 [info] > git config --get commit.template [1ms]
2023-02-01 13:33:22.260 [info] > git for-each-ref --format=%(refname)%00%(upstream:short)%00%(objectname)%00%(upstream:track)%00%(upstream:remotename)%00%(upstream:remoteref) refs/heads/main refs/remotes/main [3ms]
2023-02-01 13:33:22.312 [info] > git status -z -uall [43ms]
2023-02-01 13:33:22.312 [info] > git for-each-ref --sort -committerdate --format %(refname) %(objectname) %(*objectname) [33ms]
2023-02-01 13:33:22.338 [info] > git config --get commit.template [2ms]
2023-02-01 13:33:22.352 [info] > git for-each-ref --format=%(refname)%00%(upstream:short)%00%(objectname)%00%(upstream:track)%00%(upstream:remotename)%00%(upstream:remoteref) refs/heads/main refs/remotes/main [6ms]
2023-02-01 13:33:22.369 [info] > git status -z -uall [10ms]
2023-02-01 13:33:22.369 [info] > git for-each-ref --sort -committerdate --format %(refname) %(objectname) %(*objectname) [1ms]
2023-02-01 13:33:22.697 [info] > git show --textconv :SIT111/3.3D/ALU.hdl [7ms]
2023-02-01 13:33:22.698 [info] > git ls-files --stage -- /home/rezikham/repo/Deakin-Doc/SIT111/3.3D/ALU.hdl [3ms]
2023-02-01 13:33:22.704 [info] > git cat-file -s 46c08dba64fb39df4d472b4485ed80508963c79c [1ms]
2023-02-01 13:33:22.820 [info] > git check-ignore -v -z --stdin [1ms]
2023-02-01 13:33:22.881 [info] > git rev-parse --show-toplevel [1ms]
2023-02-01 13:33:43.779 [info] > git config --get commit.template [7ms]
2023-02-01 13:33:43.779 [info] > git for-each-ref --format=%(refname)%00%(upstream:short)%00%(objectname)%00%(upstream:track)%00%(upstream:remotename)%00%(upstream:remoteref) refs/heads/main refs/remotes/main [2ms]
2023-02-01 13:33:46.584 [info] Log level: Info
2023-02-01 13:33:46.584 [info] Validating found git in: "git"
2023-02-01 13:33:46.584 [info] Using git "2.39.1" from "git"
2023-02-01 13:33:46.584 [info] > git rev-parse --show-toplevel [11ms]
2023-02-01 13:33:46.584 [info] > git rev-parse --git-dir --git-common-dir [26ms]
2023-02-01 13:33:46.584 [info] Open repository: /home/rezikham/repo/Deakin-Doc
2023-02-01 13:33:46.594 [info] > git config --get commit.template [4ms]
2023-02-01 13:33:46.594 [info] > git rev-parse --show-toplevel [11ms]
2023-02-01 13:33:46.633 [info] > git rev-parse --show-toplevel [32ms]
2023-02-01 13:33:46.658 [info] > git for-each-ref --format=%(refname)%00%(upstream:short)%00%(objectname)%00%(upstream:track)%00%(upstream:remotename)%00%(upstream:remoteref) refs/heads/main refs/remotes/main [27ms]
2023-02-01 13:33:46.676 [info] > git status -z -uall [9ms]
2023-02-01 13:33:46.677 [info] > git rev-parse --show-toplevel [37ms]
2023-02-01 13:33:46.692 [info] > git rev-parse --show-toplevel [7ms]
2023-02-01 13:33:46.701 [info] > git for-each-ref --sort -committerdate --format %(refname) %(objectname) %(*objectname) [28ms]
2023-02-01 13:33:46.740 [info] > git rev-parse --show-toplevel [39ms]
2023-02-01 13:33:46.748 [info] > git config --get commit.template [22ms]
2023-02-01 13:33:46.749 [info] > git rev-parse --show-toplevel [2ms]
2023-02-01 13:33:46.765 [info] > git for-each-ref --format=%(refname)%00%(upstream:short)%00%(objectname)%00%(upstream:track)%00%(upstream:remotename)%00%(upstream:remoteref) refs/heads/main refs/remotes/main [5ms]
2023-02-01 13:33:46.780 [info] > git rev-parse --show-toplevel [26ms]
2023-02-01 13:33:46.788 [info] > git status -z -uall [16ms]
2023-02-01 13:33:46.789 [info] > git for-each-ref --sort -committerdate --format %(refname) %(objectname) %(*objectname) [9ms]
2023-02-01 13:33:46.798 [info] > git rev-parse --show-toplevel [12ms]
2023-02-01 13:33:46.807 [info] > git rev-parse --show-toplevel [2ms]
2023-02-01 13:33:46.814 [info] > git rev-parse --show-toplevel [1ms]
2023-02-01 13:33:46.822 [info] > git rev-parse --show-toplevel [1ms]
2023-02-01 13:33:46.830 [info] > git rev-parse --show-toplevel [1ms]
2023-02-01 13:33:46.838 [info] > git rev-parse --show-toplevel [2ms]
2023-02-01 13:33:46.846 [info] > git rev-parse --show-toplevel [1ms]
2023-02-01 13:33:46.854 [info] > git rev-parse --show-toplevel [2ms]
2023-02-01 13:33:46.863 [info] > git rev-parse --show-toplevel [2ms]
2023-02-01 13:33:46.871 [info] > git rev-parse --show-toplevel [1ms]
2023-02-01 13:33:46.890 [info] > git rev-parse --show-toplevel [11ms]
2023-02-01 13:33:47.116 [info] > git check-ignore -v -z --stdin [2ms]
2023-02-01 13:33:47.298 [info] > git rev-parse --show-toplevel [1ms]
2023-02-01 13:39:54.469 [info] > git check-ignore -v -z --stdin [1ms]
2023-02-01 13:39:55.822 [info] > git check-ignore -v -z --stdin [2ms]
2023-02-01 13:47:45.295 [info] > git config --get commit.template [11ms]
2023-02-01 13:47:45.295 [info] > git for-each-ref --format=%(refname)%00%(upstream:short)%00%(objectname)%00%(upstream:track)%00%(upstream:remotename)%00%(upstream:remoteref) refs/heads/main refs/remotes/main [2ms]
2023-02-01 13:47:45.316 [info] > git status -z -uall [11ms]
2023-02-01 13:47:45.317 [info] > git for-each-ref --sort -committerdate --format %(refname) %(objectname) %(*objectname) [2ms]
2023-02-01 13:47:45.828 [info] > git rev-parse --show-toplevel [1ms]
2023-02-01 14:00:47.747 [info] > git config --get commit.template [1ms]
2023-02-01 14:00:47.759 [info] > git for-each-ref --format=%(refname)%00%(upstream:short)%00%(objectname)%00%(upstream:track)%00%(upstream:remotename)%00%(upstream:remoteref) refs/heads/main refs/remotes/main [2ms]
2023-02-01 14:00:47.783 [info] > git status -z -uall [13ms]
2023-02-01 14:00:47.784 [info] > git for-each-ref --sort -committerdate --format %(refname) %(objectname) %(*objectname) [1ms]
2023-02-01 14:00:48.296 [info] > git rev-parse --show-toplevel [1ms]
2023-02-01 14:15:08.654 [info] > git config --get commit.template [9ms]
2023-02-01 14:15:08.654 [info] > git for-each-ref --format=%(refname)%00%(upstream:short)%00%(objectname)%00%(upstream:track)%00%(upstream:remotename)%00%(upstream:remoteref) refs/heads/main refs/remotes/main [1ms]
2023-02-01 14:15:08.670 [info] > git status -z -uall [8ms]
2023-02-01 14:15:08.671 [info] > git for-each-ref --sort -committerdate --format %(refname) %(objectname) %(*objectname) [1ms]
2023-02-01 14:15:09.185 [info] > git rev-parse --show-toplevel [1ms]
2023-02-01 14:42:14.405 [info] > git config --get commit.template [13ms]
2023-02-01 14:42:14.408 [info] > git for-each-ref --format=%(refname)%00%(upstream:short)%00%(objectname)%00%(upstream:track)%00%(upstream:remotename)%00%(upstream:remoteref) refs/heads/main refs/remotes/main [4ms]
2023-02-01 14:42:14.452 [info] > git for-each-ref --sort -committerdate --format %(refname) %(objectname) %(*objectname) [12ms]
2023-02-01 14:42:14.453 [info] > git status -z -uall [30ms]
2023-02-01 14:42:14.968 [info] > git rev-parse --show-toplevel [0ms]
2023-02-01 14:42:19.473 [info] > git config --get commit.template [8ms]
2023-02-01 14:42:19.474 [info] > git for-each-ref --format=%(refname)%00%(upstream:short)%00%(objectname)%00%(upstream:track)%00%(upstream:remotename)%00%(upstream:remoteref) refs/heads/main refs/remotes/main [2ms]
2023-02-01 14:42:19.489 [info] > git for-each-ref --sort -committerdate --format %(refname) %(objectname) %(*objectname) [1ms]
2023-02-01 14:42:19.499 [info] > git status -z -uall [20ms]
2023-02-01 14:42:20.009 [info] > git rev-parse --show-toplevel [1ms]
2023-02-01 14:42:49.334 [info] > git config --get commit.template [12ms]
2023-02-01 14:42:49.335 [info] > git for-each-ref --format=%(refname)%00%(upstream:short)%00%(objectname)%00%(upstream:track)%00%(upstream:remotename)%00%(upstream:remoteref) refs/heads/main refs/remotes/main [2ms]
2023-02-01 14:42:49.359 [info] > git for-each-ref --sort -committerdate --format %(refname) %(objectname) %(*objectname) [3ms]
2023-02-01 14:42:49.367 [info] > git status -z -uall [22ms]
2023-02-01 14:42:49.879 [info] > git rev-parse --show-toplevel [0ms]
2023-02-01 14:42:59.314 [info] > git config --get commit.template [1ms]
2023-02-01 14:42:59.326 [info] > git for-each-ref --format=%(refname)%00%(upstream:short)%00%(objectname)%00%(upstream:track)%00%(upstream:remotename)%00%(upstream:remoteref) refs/heads/main refs/remotes/main [1ms]
2023-02-01 14:42:59.350 [info] > git status -z -uall [13ms]
2023-02-01 14:42:59.350 [info] > git for-each-ref --sort -committerdate --format %(refname) %(objectname) %(*objectname) [1ms]
2023-02-01 14:42:59.860 [info] > git rev-parse --show-toplevel [1ms]
2023-02-01 14:43:12.085 [info] > git config --get commit.template [12ms]
2023-02-01 14:43:12.086 [info] > git for-each-ref --format=%(refname)%00%(upstream:short)%00%(objectname)%00%(upstream:track)%00%(upstream:remotename)%00%(upstream:remoteref) refs/heads/main refs/remotes/main [2ms]
2023-02-01 14:43:12.108 [info] > git for-each-ref --sort -committerdate --format %(refname) %(objectname) %(*objectname) [2ms]
2023-02-01 14:43:12.116 [info] > git status -z -uall [21ms]
2023-02-01 14:43:12.626 [info] > git rev-parse --show-toplevel [1ms]
2023-02-01 14:44:32.212 [info] > git config --get commit.template [12ms]
2023-02-01 14:44:32.213 [info] > git for-each-ref --format=%(refname)%00%(upstream:short)%00%(objectname)%00%(upstream:track)%00%(upstream:remotename)%00%(upstream:remoteref) refs/heads/main refs/remotes/main [3ms]
2023-02-01 14:44:32.236 [info] > git for-each-ref --sort -committerdate --format %(refname) %(objectname) %(*objectname) [2ms]
2023-02-01 14:44:32.236 [info] > git status -z -uall [13ms]
2023-02-01 14:44:32.747 [info] > git rev-parse --show-toplevel [1ms]
2023-02-01 14:57:36.610 [info] > git config --get commit.template [13ms]
2023-02-01 14:57:36.611 [info] > git for-each-ref --format=%(refname)%00%(upstream:short)%00%(objectname)%00%(upstream:track)%00%(upstream:remotename)%00%(upstream:remoteref) refs/heads/main refs/remotes/main [2ms]
2023-02-01 14:57:36.637 [info] > git status -z -uall [13ms]
2023-02-01 14:57:36.638 [info] > git for-each-ref --sort -committerdate --format %(refname) %(objectname) %(*objectname) [2ms]
2023-02-01 14:57:37.150 [info] > git rev-parse --show-toplevel [1ms]
