2022-12-10 00:03:14.190 [info] Added views:workbench.panel.markers.view in workbench.panel.markers
2022-12-10 00:03:14.190 [info] Added views:workbench.panel.output in workbench.panel.output
2022-12-10 00:03:14.190 [info] Added views:terminal in terminal
2022-12-10 00:03:14.190 [info] Added views:outline in workbench.view.explorer
2022-12-10 00:03:14.190 [info] Added views:workbench.scm in workbench.view.scm
2022-12-10 00:03:14.190 [info] Added views:workbench.view.search in workbench.view.search
2022-12-10 00:03:14.190 [info] Added views:timeline in workbench.view.explorer
2022-12-10 00:03:14.190 [info] Added views:workbench.explorer.emptyView in workbench.view.explorer
2022-12-10 00:03:14.190 [info] Added views:workbench.debug.variablesView,workbench.debug.watchExpressionsView,workbench.debug.callStackView,workbench.debug.breakPointsView in workbench.view.debug
2022-12-10 00:03:14.716 [info] Added views:jupyterViewVariables in workbench.view.extension.jupyter-variables
2022-12-10 00:03:14.718 [info] Added views:oracleDBObjectExplorer,oracleCloudExplorer,oracleBookmarkExplorer,oracleQueryHistoryExplorer in workbench.view.extension.oracle-db-explorer
2022-12-10 00:03:14.951 [info] Added views:workbench.panel.repl.view in workbench.panel.repl
2022-12-10 00:03:14.953 [info] Removed views:workbench.debug.breakPointsView,workbench.debug.callStackView,workbench.debug.watchExpressionsView,workbench.debug.variablesView from workbench.view.debug
2022-12-10 00:03:14.954 [info] Added views:workbench.debug.welcome in workbench.view.debug
2022-12-10 00:03:17.416 [info] Added views:workbench.views.extensions.installed,workbench.views.extensions.popular,extensions.recommendedList in workbench.view.extensions
2022-12-10 00:03:17.417 [info] Removed views:workbench.views.extensions.popular from workbench.view.extensions
2022-12-10 00:05:12.743 [info] Added views:workbench.panel.markers.view in workbench.panel.markers
2022-12-10 00:05:12.743 [info] Added views:workbench.panel.output in workbench.panel.output
2022-12-10 00:05:12.743 [info] Added views:terminal in terminal
2022-12-10 00:05:12.743 [info] Added views:outline in workbench.view.explorer
2022-12-10 00:05:12.743 [info] Added views:workbench.scm in workbench.view.scm
2022-12-10 00:05:12.743 [info] Added views:workbench.view.search in workbench.view.search
2022-12-10 00:05:12.743 [info] Added views:timeline in workbench.view.explorer
2022-12-10 00:05:12.743 [info] Added views:workbench.explorer.fileView in workbench.view.explorer
2022-12-10 00:05:12.743 [info] Added views:workbench.debug.variablesView,workbench.debug.watchExpressionsView,workbench.debug.callStackView,workbench.debug.breakPointsView in workbench.view.debug
2022-12-10 00:05:13.101 [info] Added views:jupyterViewVariables in workbench.view.extension.jupyter-variables
2022-12-10 00:05:13.480 [info] Added views:workbench.panel.repl.view in workbench.panel.repl
2022-12-10 00:05:13.482 [info] Removed views:workbench.debug.breakPointsView,workbench.debug.callStackView,workbench.debug.watchExpressionsView,workbench.debug.variablesView from workbench.view.debug
2022-12-10 00:05:13.482 [info] Added views:workbench.debug.welcome in workbench.view.debug
2022-12-10 00:05:13.889 [info] Added views:oracleDBObjectExplorer,oracleCloudExplorer,oracleBookmarkExplorer,oracleQueryHistoryExplorer in workbench.view.extension.oracle-db-explorer
