2023-01-27 19:21:08.897 [info] Extension host with pid 34388 started
2023-01-27 19:21:08.959 [info] ExtensionService#_doActivateExtension vscode.microsoft-authentication, startup: false, activationEvent: 'onAuthenticationRequest:microsoft'
2023-01-27 19:21:08.960 [info] ExtensionService#_doActivateExtension vscode.git-base, startup: true, activationEvent: '*', root cause: vscode.git
2023-01-27 19:21:08.960 [info] ExtensionService#_doActivateExtension asvetliakov.vscode-neovim, startup: true, activationEvent: '*'
2023-01-27 19:21:08.960 [info] ExtensionService#_doActivateExtension ms-dotnettools.vscode-dotnet-runtime, startup: true, activationEvent: '*', root cause: Oracle.oracledevtools
2023-01-27 19:21:08.960 [info] ExtensionService#_doActivateExtension vscodevim.vim, startup: true, activationEvent: '*'
2023-01-27 19:21:09.472 [info] ExtensionService#_doActivateExtension vscode.git, startup: true, activationEvent: '*'
2023-01-27 19:21:09.472 [info] ExtensionService#_doActivateExtension vscode.github, startup: true, activationEvent: '*'
2023-01-27 19:21:09.472 [info] ExtensionService#_doActivateExtension Oracle.oracledevtools, startup: true, activationEvent: '*'
2023-01-27 19:21:10.637 [error] Error: ENOENT: no such file or directory, open '/home/rezikham/.config/Code - OSS/User/globalStorage/vscodevim.vim/.registers'
2023-01-27 19:21:10.670 [error] Activating extension Oracle.oracledevtools failed due to an error:
2023-01-27 19:21:10.670 [error] false
2023-01-27 19:21:10.731 [info] Eager extensions activated
2023-01-27 19:21:10.766 [info] ExtensionService#_doActivateExtension vscode.debug-auto-launch, startup: false, activationEvent: 'onStartupFinished'
2023-01-27 19:21:10.767 [info] ExtensionService#_doActivateExtension vscode.emmet, startup: false, activationEvent: 'onStartupFinished'
2023-01-27 19:21:10.767 [info] ExtensionService#_doActivateExtension vscode.merge-conflict, startup: false, activationEvent: 'onStartupFinished'
2023-01-27 19:21:10.767 [info] ExtensionService#_doActivateExtension vscode.github-authentication, startup: false, activationEvent: 'onAuthenticationRequest:github'
2023-01-27 19:21:37.862 [info] ExtensionService#_doActivateExtension vscode.configuration-editing, startup: false, activationEvent: 'onLanguage:jsonc'
2023-01-27 19:21:37.863 [info] ExtensionService#_doActivateExtension vscode.json-language-features, startup: false, activationEvent: 'onLanguage:jsonc'
2023-01-27 19:21:37.863 [info] ExtensionService#_doActivateExtension vscode.typescript-language-features, startup: false, activationEvent: 'onLanguage:jsonc'
2023-01-27 19:22:21.399 [info] Extension host terminating: received terminate message from renderer
2023-01-27 19:22:21.422 [error] Error: ENOENT: no such file or directory, open '/home/rezikham/.config/Code - OSS/User/globalStorage/vscodevim.vim/.registers'
2023-01-27 19:22:21.423 [info] Extension host with pid 34388 exiting with code 0
